<?xml version="1.0" encoding="UTF-8"?>
<coverage generated="1683665751395" clover="3.2.0">
  <project timestamp="1683665751395" name="All files">
    <metrics statements="244" coveredstatements="206" conditionals="171" coveredconditionals="52" methods="69" coveredmethods="46" elements="484" coveredelements="304" complexity="0" loc="244" ncloc="244" packages="1" files="9" classes="9"/>
    <file name="cookies-manager.ts" path="/srv/src/js/cookies-manager.ts">
      <metrics statements="14" coveredstatements="14" conditionals="3" coveredconditionals="3" methods="4" coveredmethods="4"/>
      <line num="3" count="3" type="stmt"/>
      <line num="9" count="17" type="stmt"/>
      <line num="10" count="17" type="stmt"/>
      <line num="13" count="4" type="cond" truecount="1" falsecount="0"/>
      <line num="14" count="3" type="stmt"/>
      <line num="17" count="1" type="stmt"/>
      <line num="21" count="4" type="cond" truecount="1" falsecount="0"/>
      <line num="22" count="3" type="stmt"/>
      <line num="25" count="1" type="stmt"/>
      <line num="29" count="4" type="cond" truecount="1" falsecount="0"/>
      <line num="30" count="3" type="stmt"/>
      <line num="33" count="1" type="stmt"/>
      <line num="38" count="3" type="stmt"/>
      <line num="39" count="3" type="stmt"/>
    </file>
    <file name="customize-service.tsx" path="/srv/src/js/customize-service.tsx">
      <metrics statements="8" coveredstatements="4" conditionals="24" coveredconditionals="0" methods="3" coveredmethods="0"/>
      <line num="1" count="3" type="stmt"/>
      <line num="2" count="3" type="stmt"/>
      <line num="4" count="3" type="stmt"/>
      <line num="32" count="0" type="stmt"/>
      <line num="34" count="0" type="stmt"/>
      <line num="45" count="0" type="stmt"/>
      <line num="54" count="0" type="stmt"/>
      <line num="68" count="3" type="stmt"/>
    </file>
    <file name="customize-type.tsx" path="/srv/src/js/customize-type.tsx">
      <metrics statements="11" coveredstatements="5" conditionals="32" coveredconditionals="0" methods="5" coveredmethods="0"/>
      <line num="1" count="3" type="stmt"/>
      <line num="2" count="3" type="stmt"/>
      <line num="4" count="3" type="stmt"/>
      <line num="6" count="3" type="stmt"/>
      <line num="37" count="0" type="stmt"/>
      <line num="39" count="0" type="stmt"/>
      <line num="47" count="0" type="stmt"/>
      <line num="61" count="0" type="stmt"/>
      <line num="70" count="0" type="stmt"/>
      <line num="83" count="0" type="stmt"/>
      <line num="91" count="3" type="stmt"/>
    </file>
    <file name="customize.tsx" path="/srv/src/js/customize.tsx">
      <metrics statements="10" coveredstatements="5" conditionals="0" coveredconditionals="0" methods="3" coveredmethods="0"/>
      <line num="1" count="3" type="stmt"/>
      <line num="2" count="3" type="stmt"/>
      <line num="4" count="3" type="stmt"/>
      <line num="5" count="3" type="stmt"/>
      <line num="19" count="0" type="stmt"/>
      <line num="21" count="0" type="stmt"/>
      <line num="26" count="0" type="stmt"/>
      <line num="28" count="0" type="stmt"/>
      <line num="30" count="0" type="stmt"/>
      <line num="36" count="3" type="stmt"/>
    </file>
    <file name="dialog.tsx" path="/srv/src/js/dialog.tsx">
      <metrics statements="23" coveredstatements="6" conditionals="54" coveredconditionals="0" methods="8" coveredmethods="0"/>
      <line num="1" count="3" type="stmt"/>
      <line num="2" count="3" type="stmt"/>
      <line num="4" count="3" type="stmt"/>
      <line num="5" count="3" type="stmt"/>
      <line num="6" count="3" type="stmt"/>
      <line num="49" count="0" type="stmt"/>
      <line num="51" count="0" type="cond" truecount="0" falsecount="2"/>
      <line num="55" count="0" type="stmt"/>
      <line num="57" count="0" type="stmt"/>
      <line num="59" count="0" type="stmt"/>
      <line num="60" count="0" type="cond" truecount="0" falsecount="2"/>
      <line num="61" count="0" type="cond" truecount="0" falsecount="2"/>
      <line num="122" count="0" type="stmt"/>
      <line num="123" count="0" type="stmt"/>
      <line num="126" count="0" type="stmt"/>
      <line num="127" count="0" type="stmt"/>
      <line num="130" count="0" type="stmt"/>
      <line num="131" count="0" type="stmt"/>
      <line num="134" count="0" type="stmt"/>
      <line num="135" count="0" type="cond" truecount="0" falsecount="2"/>
      <line num="136" count="0" type="stmt"/>
      <line num="138" count="0" type="stmt"/>
      <line num="143" count="3" type="stmt"/>
    </file>
    <file name="index.ts" path="/srv/src/js/index.ts">
      <metrics statements="18" coveredstatements="18" conditionals="0" coveredconditionals="0" methods="6" coveredmethods="5"/>
      <line num="1" count="3" type="stmt"/>
      <line num="2" count="3" type="stmt"/>
      <line num="3" count="3" type="stmt"/>
      <line num="4" count="3" type="stmt"/>
      <line num="5" count="3" type="stmt"/>
      <line num="6" count="3" type="stmt"/>
      <line num="7" count="3" type="stmt"/>
      <line num="8" count="3" type="stmt"/>
      <line num="11" count="6" type="stmt"/>
      <line num="13" count="6" type="stmt"/>
      <line num="15" count="4" type="stmt"/>
      <line num="16" count="3" type="stmt"/>
      <line num="18" count="3" type="stmt"/>
      <line num="20" count="3" type="stmt"/>
      <line num="22" count="3" type="stmt"/>
      <line num="25" count="3" type="stmt"/>
      <line num="27" count="7" type="stmt"/>
      <line num="31" count="8" type="stmt"/>
    </file>
    <file name="launcher.tsx" path="/srv/src/js/launcher.tsx">
      <metrics statements="11" coveredstatements="5" conditionals="9" coveredconditionals="0" methods="3" coveredmethods="0"/>
      <line num="1" count="3" type="stmt"/>
      <line num="2" count="3" type="stmt"/>
      <line num="4" count="3" type="stmt"/>
      <line num="17" count="3" type="stmt"/>
      <line num="21" count="0" type="stmt"/>
      <line num="23" count="0" type="cond" truecount="0" falsecount="2"/>
      <line num="27" count="0" type="cond" truecount="0" falsecount="3"/>
      <line num="28" count="0" type="stmt"/>
      <line num="31" count="0" type="stmt"/>
      <line num="34" count="0" type="stmt"/>
      <line num="42" count="3" type="stmt"/>
    </file>
    <file name="service.ts" path="/srv/src/js/service.ts">
      <metrics statements="25" coveredstatements="25" conditionals="8" coveredconditionals="8" methods="9" coveredmethods="9"/>
      <line num="1" count="3" type="stmt"/>
      <line num="2" count="3" type="stmt"/>
      <line num="23" count="3" type="stmt"/>
      <line num="24" count="18" type="stmt"/>
      <line num="29" count="18" type="stmt"/>
      <line num="36" count="18" type="stmt"/>
      <line num="37" count="18" type="stmt"/>
      <line num="41" count="201" type="stmt"/>
      <line num="45" count="193" type="stmt"/>
      <line num="49" count="128" type="cond" truecount="2" falsecount="0"/>
      <line num="53" count="32" type="cond" truecount="2" falsecount="0"/>
      <line num="57" count="32" type="stmt"/>
      <line num="61" count="29" type="stmt"/>
      <line num="71" count="20" type="cond" truecount="1" falsecount="0"/>
      <line num="72" count="4" type="stmt"/>
      <line num="75" count="16" type="stmt"/>
      <line num="77" count="16" type="cond" truecount="1" falsecount="0"/>
      <line num="78" count="16" type="stmt"/>
      <line num="83" count="12" type="cond" truecount="1" falsecount="0"/>
      <line num="84" count="1" type="stmt"/>
      <line num="87" count="11" type="stmt"/>
      <line num="89" count="11" type="cond" truecount="1" falsecount="0"/>
      <line num="90" count="11" type="stmt"/>
      <line num="93" count="11" type="stmt"/>
      <line num="94" count="12" type="stmt"/>
    </file>
    <file name="store.ts" path="/srv/src/js/store.ts">
      <metrics statements="124" coveredstatements="124" conditionals="41" coveredconditionals="41" methods="28" coveredmethods="28"/>
      <line num="1" count="3" type="stmt"/>
      <line num="2" count="3" type="stmt"/>
      <line num="3" count="3" type="stmt"/>
      <line num="4" count="3" type="stmt"/>
      <line num="37" count="3" type="stmt"/>
      <line num="38" count="5" type="stmt"/>
      <line num="39" count="5" type="stmt"/>
      <line num="40" count="5" type="stmt"/>
      <line num="41" count="5" type="stmt"/>
      <line num="42" count="5" type="stmt"/>
      <line num="43" count="5" type="stmt"/>
      <line num="44" count="5" type="stmt"/>
      <line num="49" count="5" type="stmt"/>
      <line num="75" count="5" type="stmt"/>
      <line num="88" count="5" type="stmt"/>
      <line num="92" count="4" type="stmt"/>
      <line num="94" count="4" type="stmt"/>
      <line num="96" count="4" type="cond" truecount="2" falsecount="0"/>
      <line num="101" count="5" type="cond" truecount="2" falsecount="0"/>
      <line num="105" count="3" type="stmt"/>
      <line num="106" count="8" type="cond" truecount="1" falsecount="0"/>
      <line num="107" count="2" type="stmt"/>
      <line num="111" count="1" type="stmt"/>
      <line num="115" count="3" type="stmt"/>
      <line num="116" count="9" type="cond" truecount="3" falsecount="0"/>
      <line num="117" count="2" type="stmt"/>
      <line num="121" count="1" type="stmt"/>
      <line num="126" count="1" type="stmt"/>
      <line num="128" count="1" type="cond" truecount="3" falsecount="0"/>
      <line num="129" count="1" type="stmt"/>
      <line num="134" count="1" type="stmt"/>
      <line num="135" count="1" type="stmt"/>
      <line num="139" count="3" type="stmt"/>
      <line num="140" count="3" type="cond" truecount="2" falsecount="0"/>
      <line num="141" count="1" type="stmt"/>
      <line num="143" count="2" type="stmt"/>
      <line num="148" count="10" type="stmt"/>
      <line num="150" count="10" type="stmt"/>
      <line num="151" count="55" type="stmt"/>
      <line num="152" count="55" type="cond" truecount="2" falsecount="0"/>
      <line num="153" count="30" type="stmt"/>
      <line num="161" count="25" type="cond" truecount="1" falsecount="0"/>
      <line num="162" count="4" type="stmt"/>
      <line num="164" count="25" type="cond" truecount="1" falsecount="0"/>
      <line num="165" count="25" type="stmt"/>
      <line num="167" count="25" type="stmt"/>
      <line num="171" count="10" type="stmt"/>
      <line num="175" count="15" type="stmt"/>
      <line num="177" count="15" type="cond" truecount="1" falsecount="0"/>
      <line num="178" count="1" type="stmt"/>
      <line num="181" count="14" type="stmt"/>
      <line num="183" count="14" type="cond" truecount="4" falsecount="0"/>
      <line num="184" count="3" type="stmt"/>
      <line num="185" count="11" type="cond" truecount="1" falsecount="0"/>
      <line num="186" count="1" type="stmt"/>
      <line num="189" count="14" type="stmt"/>
      <line num="191" count="14" type="stmt"/>
      <line num="195" count="1" type="stmt"/>
      <line num="199" count="3" type="stmt"/>
      <line num="201" count="3" type="cond" truecount="1" falsecount="0"/>
      <line num="202" count="3" type="stmt"/>
      <line num="204" count="3" type="stmt"/>
      <line num="209" count="2" type="stmt"/>
      <line num="211" count="2" type="cond" truecount="3" falsecount="0"/>
      <line num="212" count="1" type="stmt"/>
      <line num="214" count="1" type="stmt"/>
      <line num="219" count="1" type="stmt"/>
      <line num="220" count="6" type="cond" truecount="1" falsecount="0"/>
      <line num="221" count="3" type="stmt"/>
      <line num="223" count="3" type="stmt"/>
      <line num="229" count="1" type="stmt"/>
      <line num="230" count="6" type="cond" truecount="3" falsecount="0"/>
      <line num="231" count="2" type="stmt"/>
      <line num="233" count="2" type="stmt"/>
      <line num="239" count="1" type="stmt"/>
      <line num="240" count="4" type="stmt"/>
      <line num="243" count="1" type="stmt"/>
      <line num="245" count="1" type="stmt"/>
      <line num="247" count="1" type="stmt"/>
      <line num="251" count="1" type="stmt"/>
      <line num="252" count="4" type="cond" truecount="1" falsecount="0"/>
      <line num="253" count="3" type="stmt"/>
      <line num="257" count="1" type="stmt"/>
      <line num="259" count="1" type="stmt"/>
      <line num="261" count="1" type="stmt"/>
      <line num="265" count="19" type="stmt"/>
      <line num="267" count="19" type="stmt"/>
      <line num="268" count="99" type="cond" truecount="1" falsecount="0"/>
      <line num="269" count="59" type="stmt"/>
      <line num="273" count="19" type="stmt"/>
      <line num="277" count="11" type="stmt"/>
      <line num="279" count="11" type="stmt"/>
      <line num="280" count="62" type="cond" truecount="1" falsecount="0"/>
      <line num="281" count="19" type="stmt"/>
      <line num="285" count="11" type="stmt"/>
      <line num="289" count="4" type="stmt"/>
      <line num="291" count="4" type="cond" truecount="1" falsecount="0"/>
      <line num="292" count="2" type="stmt"/>
      <line num="293" count="2" type="stmt"/>
      <line num="296" count="2" type="stmt"/>
      <line num="298" count="2" type="stmt"/>
      <line num="300" count="2" type="stmt"/>
      <line num="301" count="4" type="stmt"/>
      <line num="302" count="4" type="cond" truecount="1" falsecount="0"/>
      <line num="303" count="4" type="stmt"/>
      <line num="306" count="2" type="cond" truecount="1" falsecount="0"/>
      <line num="307" count="2" type="stmt"/>
      <line num="308" count="2" type="stmt"/>
      <line num="309" count="2" type="cond" truecount="1" falsecount="0"/>
      <line num="310" count="2" type="stmt"/>
      <line num="317" count="80" type="cond" truecount="2" falsecount="0"/>
      <line num="321" count="26" type="stmt"/>
      <line num="322" count="58" type="cond" truecount="1" falsecount="0"/>
      <line num="323" count="12" type="stmt"/>
      <line num="329" count="11" type="stmt"/>
      <line num="336" count="11" type="stmt"/>
      <line num="338" count="11" type="stmt"/>
      <line num="339" count="11" type="stmt"/>
      <line num="340" count="11" type="stmt"/>
      <line num="345" count="2" type="stmt"/>
      <line num="350" count="2" type="stmt"/>
      <line num="354" count="2" type="stmt"/>
      <line num="355" count="2" type="stmt"/>
      <line num="356" count="2" type="stmt"/>
    </file>
  </project>
</coverage>
