<?xml version="1.0" encoding="UTF-8"?>
<coverage generated="1680037210855" clover="3.2.0">
  <project timestamp="1680037210855" name="All files">
    <metrics statements="218" coveredstatements="165" conditionals="61" coveredconditionals="45" methods="77" coveredmethods="36" elements="356" coveredelements="246" complexity="0" loc="218" ncloc="218" packages="1" files="8" classes="8"/>
    <file name="customize-service.tsx" path="/srv/src/js/customize-service.tsx">
      <metrics statements="14" coveredstatements="4" conditionals="2" coveredconditionals="0" methods="9" coveredmethods="0"/>
      <line num="1" count="2" type="stmt"/>
      <line num="2" count="2" type="stmt"/>
      <line num="4" count="2" type="stmt"/>
      <line num="19" count="0" type="stmt"/>
      <line num="21" count="0" type="stmt"/>
      <line num="39" count="0" type="stmt"/>
      <line num="43" count="0" type="stmt"/>
      <line num="46" count="0" type="stmt"/>
      <line num="53" count="0" type="stmt"/>
      <line num="57" count="0" type="stmt"/>
      <line num="60" count="0" type="stmt"/>
      <line num="67" count="0" type="stmt"/>
      <line num="71" count="0" type="stmt"/>
      <line num="75" count="2" type="stmt"/>
    </file>
    <file name="customize-type.tsx" path="/srv/src/js/customize-type.tsx">
      <metrics statements="17" coveredstatements="5" conditionals="2" coveredconditionals="0" methods="11" coveredmethods="0"/>
      <line num="1" count="2" type="stmt"/>
      <line num="2" count="2" type="stmt"/>
      <line num="4" count="2" type="stmt"/>
      <line num="6" count="2" type="stmt"/>
      <line num="20" count="0" type="stmt"/>
      <line num="22" count="0" type="stmt"/>
      <line num="38" count="0" type="stmt"/>
      <line num="45" count="0" type="stmt"/>
      <line num="49" count="0" type="stmt"/>
      <line num="52" count="0" type="stmt"/>
      <line num="59" count="0" type="stmt"/>
      <line num="63" count="0" type="stmt"/>
      <line num="66" count="0" type="stmt"/>
      <line num="73" count="0" type="stmt"/>
      <line num="77" count="0" type="stmt"/>
      <line num="81" count="0" type="stmt"/>
      <line num="85" count="2" type="stmt"/>
    </file>
    <file name="customize.tsx" path="/srv/src/js/customize.tsx">
      <metrics statements="11" coveredstatements="5" conditionals="0" coveredconditionals="0" methods="4" coveredmethods="0"/>
      <line num="1" count="2" type="stmt"/>
      <line num="2" count="2" type="stmt"/>
      <line num="4" count="2" type="stmt"/>
      <line num="5" count="2" type="stmt"/>
      <line num="19" count="0" type="stmt"/>
      <line num="21" count="0" type="stmt"/>
      <line num="26" count="0" type="stmt"/>
      <line num="28" count="0" type="stmt"/>
      <line num="29" count="0" type="stmt"/>
      <line num="34" count="0" type="stmt"/>
      <line num="38" count="2" type="stmt"/>
    </file>
    <file name="dialog.tsx" path="/srv/src/js/dialog.tsx">
      <metrics statements="25" coveredstatements="7" conditionals="7" coveredconditionals="0" methods="12" coveredmethods="0"/>
      <line num="1" count="2" type="stmt"/>
      <line num="2" count="2" type="stmt"/>
      <line num="4" count="2" type="stmt"/>
      <line num="5" count="2" type="stmt"/>
      <line num="6" count="2" type="stmt"/>
      <line num="16" count="2" type="stmt"/>
      <line num="20" count="0" type="stmt"/>
      <line num="22" count="0" type="stmt"/>
      <line num="27" count="0" type="stmt"/>
      <line num="28" count="0" type="cond" truecount="0" falsecount="2"/>
      <line num="29" count="0" type="cond" truecount="0" falsecount="2"/>
      <line num="53" count="0" type="stmt"/>
      <line num="57" count="0" type="cond" truecount="0" falsecount="1"/>
      <line num="58" count="0" type="stmt"/>
      <line num="61" count="0" type="stmt"/>
      <line num="65" count="0" type="stmt"/>
      <line num="69" count="0" type="stmt"/>
      <line num="73" count="0" type="stmt"/>
      <line num="76" count="0" type="stmt"/>
      <line num="77" count="0" type="stmt"/>
      <line num="80" count="0" type="stmt"/>
      <line num="81" count="0" type="stmt"/>
      <line num="84" count="0" type="stmt"/>
      <line num="85" count="0" type="stmt"/>
      <line num="89" count="2" type="stmt"/>
    </file>
    <file name="index.ts" path="/srv/src/js/index.ts">
      <metrics statements="14" coveredstatements="14" conditionals="0" coveredconditionals="0" methods="3" coveredmethods="2"/>
      <line num="1" count="2" type="stmt"/>
      <line num="2" count="2" type="stmt"/>
      <line num="3" count="2" type="stmt"/>
      <line num="4" count="2" type="stmt"/>
      <line num="5" count="2" type="stmt"/>
      <line num="6" count="2" type="stmt"/>
      <line num="7" count="2" type="stmt"/>
      <line num="10" count="2" type="stmt"/>
      <line num="12" count="2" type="stmt"/>
      <line num="14" count="2" type="stmt"/>
      <line num="16" count="2" type="stmt"/>
      <line num="18" count="2" type="stmt"/>
      <line num="20" count="6" type="stmt"/>
      <line num="25" count="6" type="stmt"/>
    </file>
    <file name="launcher.tsx" path="/srv/src/js/launcher.tsx">
      <metrics statements="12" coveredstatements="5" conditionals="5" coveredconditionals="0" methods="4" coveredmethods="0"/>
      <line num="1" count="2" type="stmt"/>
      <line num="2" count="2" type="stmt"/>
      <line num="4" count="2" type="stmt"/>
      <line num="15" count="2" type="stmt"/>
      <line num="19" count="0" type="stmt"/>
      <line num="21" count="0" type="stmt"/>
      <line num="25" count="0" type="cond" truecount="0" falsecount="3"/>
      <line num="26" count="0" type="stmt"/>
      <line num="29" count="0" type="stmt"/>
      <line num="32" count="0" type="stmt"/>
      <line num="40" count="0" type="stmt"/>
      <line num="44" count="2" type="stmt"/>
    </file>
    <file name="service.ts" path="/srv/src/js/service.ts">
      <metrics statements="21" coveredstatements="21" conditionals="10" coveredconditionals="10" methods="9" coveredmethods="9"/>
      <line num="1" count="2" type="stmt"/>
      <line num="22" count="2" type="stmt"/>
      <line num="23" count="15" type="stmt"/>
      <line num="27" count="15" type="stmt"/>
      <line num="34" count="15" type="stmt"/>
      <line num="38" count="79" type="stmt"/>
      <line num="42" count="96" type="stmt"/>
      <line num="46" count="74" type="cond" truecount="2" falsecount="0"/>
      <line num="50" count="5" type="cond" truecount="2" falsecount="0"/>
      <line num="54" count="5" type="cond" truecount="2" falsecount="0"/>
      <line num="58" count="2" type="stmt"/>
      <line num="68" count="17" type="cond" truecount="1" falsecount="0"/>
      <line num="69" count="3" type="stmt"/>
      <line num="72" count="14" type="stmt"/>
      <line num="74" count="14" type="cond" truecount="1" falsecount="0"/>
      <line num="75" count="14" type="stmt"/>
      <line num="80" count="10" type="cond" truecount="1" falsecount="0"/>
      <line num="81" count="1" type="stmt"/>
      <line num="84" count="9" type="stmt"/>
      <line num="86" count="9" type="cond" truecount="1" falsecount="0"/>
      <line num="87" count="9" type="stmt"/>
    </file>
    <file name="store.ts" path="/srv/src/js/store.ts">
      <metrics statements="104" coveredstatements="104" conditionals="35" coveredconditionals="35" methods="25" coveredmethods="25"/>
      <line num="1" count="2" type="stmt"/>
      <line num="2" count="2" type="stmt"/>
      <line num="3" count="2" type="stmt"/>
      <line num="4" count="2" type="stmt"/>
      <line num="37" count="2" type="stmt"/>
      <line num="38" count="4" type="stmt"/>
      <line num="39" count="4" type="stmt"/>
      <line num="40" count="4" type="stmt"/>
      <line num="41" count="4" type="stmt"/>
      <line num="42" count="4" type="stmt"/>
      <line num="43" count="4" type="stmt"/>
      <line num="48" count="4" type="stmt"/>
      <line num="73" count="4" type="stmt"/>
      <line num="86" count="4" type="stmt"/>
      <line num="90" count="3" type="stmt"/>
      <line num="92" count="3" type="cond" truecount="2" falsecount="0"/>
      <line num="96" count="3" type="stmt"/>
      <line num="97" count="8" type="cond" truecount="1" falsecount="0"/>
      <line num="98" count="2" type="stmt"/>
      <line num="102" count="1" type="stmt"/>
      <line num="106" count="3" type="stmt"/>
      <line num="107" count="9" type="cond" truecount="3" falsecount="0"/>
      <line num="108" count="2" type="stmt"/>
      <line num="112" count="1" type="stmt"/>
      <line num="117" count="1" type="stmt"/>
      <line num="119" count="1" type="cond" truecount="4" falsecount="0"/>
      <line num="120" count="1" type="stmt"/>
      <line num="125" count="1" type="stmt"/>
      <line num="126" count="1" type="stmt"/>
      <line num="130" count="3" type="stmt"/>
      <line num="131" count="3" type="cond" truecount="2" falsecount="0"/>
      <line num="132" count="1" type="stmt"/>
      <line num="134" count="2" type="stmt"/>
      <line num="139" count="10" type="stmt"/>
      <line num="141" count="10" type="stmt"/>
      <line num="142" count="55" type="stmt"/>
      <line num="143" count="55" type="cond" truecount="2" falsecount="0"/>
      <line num="144" count="30" type="stmt"/>
      <line num="152" count="25" type="cond" truecount="1" falsecount="0"/>
      <line num="153" count="4" type="stmt"/>
      <line num="155" count="25" type="cond" truecount="1" falsecount="0"/>
      <line num="156" count="25" type="stmt"/>
      <line num="158" count="25" type="stmt"/>
      <line num="162" count="10" type="stmt"/>
      <line num="166" count="12" type="stmt"/>
      <line num="168" count="12" type="cond" truecount="1" falsecount="0"/>
      <line num="169" count="1" type="stmt"/>
      <line num="172" count="11" type="stmt"/>
      <line num="174" count="11" type="cond" truecount="4" falsecount="0"/>
      <line num="175" count="2" type="stmt"/>
      <line num="176" count="9" type="cond" truecount="1" falsecount="0"/>
      <line num="177" count="1" type="stmt"/>
      <line num="180" count="11" type="stmt"/>
      <line num="182" count="11" type="stmt"/>
      <line num="186" count="1" type="stmt"/>
      <line num="190" count="3" type="stmt"/>
      <line num="192" count="3" type="cond" truecount="1" falsecount="0"/>
      <line num="193" count="3" type="stmt"/>
      <line num="198" count="2" type="stmt"/>
      <line num="200" count="2" type="cond" truecount="3" falsecount="0"/>
      <line num="201" count="1" type="stmt"/>
      <line num="206" count="1" type="stmt"/>
      <line num="207" count="6" type="cond" truecount="1" falsecount="0"/>
      <line num="208" count="3" type="stmt"/>
      <line num="214" count="1" type="stmt"/>
      <line num="215" count="6" type="cond" truecount="3" falsecount="0"/>
      <line num="216" count="2" type="stmt"/>
      <line num="222" count="1" type="stmt"/>
      <line num="223" count="4" type="stmt"/>
      <line num="226" count="1" type="stmt"/>
      <line num="228" count="1" type="stmt"/>
      <line num="230" count="1" type="stmt"/>
      <line num="234" count="1" type="stmt"/>
      <line num="235" count="4" type="cond" truecount="1" falsecount="0"/>
      <line num="236" count="3" type="stmt"/>
      <line num="240" count="1" type="stmt"/>
      <line num="242" count="1" type="stmt"/>
      <line num="244" count="1" type="stmt"/>
      <line num="248" count="9" type="stmt"/>
      <line num="250" count="9" type="stmt"/>
      <line num="251" count="42" type="cond" truecount="1" falsecount="0"/>
      <line num="252" count="21" type="stmt"/>
      <line num="256" count="9" type="stmt"/>
      <line num="260" count="3" type="stmt"/>
      <line num="262" count="3" type="cond" truecount="1" falsecount="0"/>
      <line num="263" count="2" type="stmt"/>
      <line num="264" count="2" type="stmt"/>
      <line num="267" count="1" type="stmt"/>
      <line num="269" count="1" type="stmt"/>
      <line num="270" count="2" type="stmt"/>
      <line num="271" count="2" type="cond" truecount="1" falsecount="0"/>
      <line num="272" count="2" type="stmt"/>
      <line num="278" count="13" type="stmt"/>
      <line num="282" count="19" type="stmt"/>
      <line num="283" count="47" type="cond" truecount="1" falsecount="0"/>
      <line num="284" count="8" type="stmt"/>
      <line num="290" count="2" type="stmt"/>
      <line num="297" count="2" type="stmt"/>
      <line num="299" count="2" type="stmt"/>
      <line num="303" count="2" type="stmt"/>
      <line num="308" count="2" type="stmt"/>
      <line num="312" count="2" type="stmt"/>
      <line num="313" count="2" type="stmt"/>
      <line num="314" count="2" type="stmt"/>
    </file>
  </project>
</coverage>
