{"/srv/src/js/customize-service.tsx": {"path":"/srv/src/js/customize-service.tsx","statementMap":{"0":{"start":{"line":1,"column":0},"end":{"line":1,"column":30}},"1":{"start":{"line":2,"column":0},"end":{"line":2,"column":37}},"2":{"start":{"line":4,"column":0},"end":{"line":4,"column":35}},"3":{"start":{"line":19,"column":35},"end":{"line":19,"column":45}},"4":{"start":{"line":21,"column":8},"end":{"line":35,"column":null}},"5":{"start":{"line":39,"column":8},"end":{"line":39,"column":null}},"6":{"start":{"line":43,"column":8},"end":{"line":49,"column":null}},"7":{"start":{"line":46,"column":27},"end":{"line":46,"column":77}},"8":{"start":{"line":53,"column":8},"end":{"line":53,"column":null}},"9":{"start":{"line":57,"column":8},"end":{"line":63,"column":null}},"10":{"start":{"line":60,"column":27},"end":{"line":60,"column":78}},"11":{"start":{"line":67,"column":8},"end":{"line":67,"column":null}},"12":{"start":{"line":71,"column":8},"end":{"line":71,"column":null}},"13":{"start":{"line":75,"column":0},"end":{"line":75,"column":null}}},"fnMap":{"0":{"name":"(anonymous_6)","decl":{"start":{"line":17,"column":4},"end":{"line":17,"column":10}},"loc":{"start":{"line":17,"column":10},"end":{"line":36,"column":5}}},"1":{"name":"(anonymous_7)","decl":{"start":{"line":38,"column":4},"end":{"line":38,"column":21}},"loc":{"start":{"line":38,"column":21},"end":{"line":40,"column":5}}},"2":{"name":"(anonymous_8)","decl":{"start":{"line":42,"column":4},"end":{"line":42,"column":16}},"loc":{"start":{"line":42,"column":16},"end":{"line":50,"column":5}}},"3":{"name":"(anonymous_9)","decl":{"start":{"line":46,"column":21},"end":{"line":46,"column":24}},"loc":{"start":{"line":46,"column":27},"end":{"line":46,"column":77}}},"4":{"name":"(anonymous_10)","decl":{"start":{"line":52,"column":4},"end":{"line":52,"column":23}},"loc":{"start":{"line":52,"column":48},"end":{"line":54,"column":5}}},"5":{"name":"(anonymous_11)","decl":{"start":{"line":56,"column":4},"end":{"line":56,"column":17}},"loc":{"start":{"line":56,"column":17},"end":{"line":64,"column":5}}},"6":{"name":"(anonymous_12)","decl":{"start":{"line":60,"column":21},"end":{"line":60,"column":24}},"loc":{"start":{"line":60,"column":27},"end":{"line":60,"column":78}}},"7":{"name":"(anonymous_13)","decl":{"start":{"line":66,"column":4},"end":{"line":66,"column":24}},"loc":{"start":{"line":66,"column":49},"end":{"line":68,"column":5}}},"8":{"name":"(anonymous_14)","decl":{"start":{"line":70,"column":4},"end":{"line":70,"column":23}},"loc":{"start":{"line":70,"column":23},"end":{"line":72,"column":5}}}},"branchMap":{"0":{"loc":{"start":{"line":25,"column":22},"end":{"line":31,"column":null}},"type":"cond-expr","locations":[{"start":{"line":26,"column":24},"end":{"line":28,"column":null}},{"start":{"line":31,"column":24},"end":{"line":31,"column":50}}]}},"s":{"0":2,"1":2,"2":2,"3":0,"4":0,"5":0,"6":0,"7":0,"8":0,"9":0,"10":0,"11":0,"12":0,"13":2},"f":{"0":0,"1":0,"2":0,"3":0,"4":0,"5":0,"6":0,"7":0,"8":0},"b":{"0":[0,0]}}
,"/srv/src/js/customize-type.tsx": {"path":"/srv/src/js/customize-type.tsx","statementMap":{"0":{"start":{"line":1,"column":0},"end":{"line":1,"column":30}},"1":{"start":{"line":2,"column":0},"end":{"line":2,"column":37}},"2":{"start":{"line":4,"column":0},"end":{"line":4,"column":56}},"3":{"start":{"line":6,"column":0},"end":{"line":6,"column":50}},"4":{"start":{"line":20,"column":32},"end":{"line":20,"column":42}},"5":{"start":{"line":22,"column":8},"end":{"line":41,"column":null}},"6":{"start":{"line":38,"column":74},"end":{"line":38,"column":101}},"7":{"start":{"line":45,"column":8},"end":{"line":45,"column":null}},"8":{"start":{"line":49,"column":8},"end":{"line":55,"column":null}},"9":{"start":{"line":52,"column":27},"end":{"line":52,"column":74}},"10":{"start":{"line":59,"column":8},"end":{"line":59,"column":null}},"11":{"start":{"line":63,"column":8},"end":{"line":69,"column":null}},"12":{"start":{"line":66,"column":27},"end":{"line":66,"column":75}},"13":{"start":{"line":73,"column":8},"end":{"line":73,"column":null}},"14":{"start":{"line":77,"column":8},"end":{"line":77,"column":null}},"15":{"start":{"line":81,"column":8},"end":{"line":81,"column":null}},"16":{"start":{"line":85,"column":0},"end":{"line":85,"column":null}}},"fnMap":{"0":{"name":"(anonymous_7)","decl":{"start":{"line":18,"column":4},"end":{"line":18,"column":10}},"loc":{"start":{"line":18,"column":10},"end":{"line":42,"column":5}}},"1":{"name":"(anonymous_8)","decl":{"start":{"line":38,"column":40},"end":{"line":38,"column":41}},"loc":{"start":{"line":38,"column":74},"end":{"line":38,"column":101}}},"2":{"name":"(anonymous_9)","decl":{"start":{"line":44,"column":4},"end":{"line":44,"column":18}},"loc":{"start":{"line":44,"column":18},"end":{"line":46,"column":5}}},"3":{"name":"(anonymous_10)","decl":{"start":{"line":48,"column":4},"end":{"line":48,"column":19}},"loc":{"start":{"line":48,"column":19},"end":{"line":56,"column":5}}},"4":{"name":"(anonymous_11)","decl":{"start":{"line":52,"column":21},"end":{"line":52,"column":24}},"loc":{"start":{"line":52,"column":27},"end":{"line":52,"column":74}}},"5":{"name":"(anonymous_12)","decl":{"start":{"line":58,"column":4},"end":{"line":58,"column":26}},"loc":{"start":{"line":58,"column":51},"end":{"line":60,"column":5}}},"6":{"name":"(anonymous_13)","decl":{"start":{"line":62,"column":4},"end":{"line":62,"column":20}},"loc":{"start":{"line":62,"column":20},"end":{"line":70,"column":5}}},"7":{"name":"(anonymous_14)","decl":{"start":{"line":66,"column":21},"end":{"line":66,"column":24}},"loc":{"start":{"line":66,"column":27},"end":{"line":66,"column":75}}},"8":{"name":"(anonymous_15)","decl":{"start":{"line":72,"column":4},"end":{"line":72,"column":27}},"loc":{"start":{"line":72,"column":52},"end":{"line":74,"column":5}}},"9":{"name":"(anonymous_16)","decl":{"start":{"line":76,"column":4},"end":{"line":76,"column":17}},"loc":{"start":{"line":76,"column":47},"end":{"line":78,"column":5}}},"10":{"name":"(anonymous_17)","decl":{"start":{"line":80,"column":4},"end":{"line":80,"column":23}},"loc":{"start":{"line":80,"column":23},"end":{"line":82,"column":5}}}},"branchMap":{"0":{"loc":{"start":{"line":26,"column":22},"end":{"line":32,"column":null}},"type":"cond-expr","locations":[{"start":{"line":27,"column":24},"end":{"line":29,"column":null}},{"start":{"line":32,"column":24},"end":{"line":32,"column":50}}]}},"s":{"0":2,"1":2,"2":2,"3":2,"4":0,"5":0,"6":0,"7":0,"8":0,"9":0,"10":0,"11":0,"12":0,"13":0,"14":0,"15":0,"16":2},"f":{"0":0,"1":0,"2":0,"3":0,"4":0,"5":0,"6":0,"7":0,"8":0,"9":0,"10":0},"b":{"0":[0,0]}}
,"/srv/src/js/customize.tsx": {"path":"/srv/src/js/customize.tsx","statementMap":{"0":{"start":{"line":1,"column":0},"end":{"line":1,"column":30}},"1":{"start":{"line":2,"column":0},"end":{"line":2,"column":37}},"2":{"start":{"line":4,"column":0},"end":{"line":4,"column":44}},"3":{"start":{"line":5,"column":0},"end":{"line":5,"column":44}},"4":{"start":{"line":19,"column":8},"end":{"line":19,"column":null}},"5":{"start":{"line":21,"column":8},"end":{"line":21,"column":null}},"6":{"start":{"line":26,"column":22},"end":{"line":26,"column":38}},"7":{"start":{"line":28,"column":8},"end":{"line":30,"column":null}},"8":{"start":{"line":29,"column":47},"end":{"line":29,"column":68}},"9":{"start":{"line":34,"column":8},"end":{"line":34,"column":null}},"10":{"start":{"line":38,"column":0},"end":{"line":38,"column":null}}},"fnMap":{"0":{"name":"(anonymous_7)","decl":{"start":{"line":18,"column":4},"end":{"line":18,"column":16}},"loc":{"start":{"line":18,"column":28},"end":{"line":22,"column":5}}},"1":{"name":"(anonymous_8)","decl":{"start":{"line":24,"column":4},"end":{"line":24,"column":10}},"loc":{"start":{"line":24,"column":10},"end":{"line":31,"column":5}}},"2":{"name":"(anonymous_9)","decl":{"start":{"line":29,"column":24},"end":{"line":29,"column":25}},"loc":{"start":{"line":29,"column":47},"end":{"line":29,"column":68}}},"3":{"name":"(anonymous_10)","decl":{"start":{"line":33,"column":4},"end":{"line":33,"column":14}},"loc":{"start":{"line":33,"column":33},"end":{"line":35,"column":5}}}},"branchMap":{},"s":{"0":2,"1":2,"2":2,"3":2,"4":0,"5":0,"6":0,"7":0,"8":0,"9":0,"10":2},"f":{"0":0,"1":0,"2":0,"3":0},"b":{}}
,"/srv/src/js/dialog.tsx": {"path":"/srv/src/js/dialog.tsx","statementMap":{"0":{"start":{"line":1,"column":0},"end":{"line":1,"column":30}},"1":{"start":{"line":2,"column":0},"end":{"line":2,"column":37}},"2":{"start":{"line":4,"column":0},"end":{"line":4,"column":79}},"3":{"start":{"line":5,"column":0},"end":{"line":5,"column":44}},"4":{"start":{"line":6,"column":0},"end":{"line":6,"column":35}},"5":{"start":{"line":20,"column":8},"end":{"line":20,"column":null}},"6":{"start":{"line":22,"column":8},"end":{"line":22,"column":null}},"7":{"start":{"line":27,"column":8},"end":{"line":49,"column":null}},"8":{"start":{"line":28,"column":108},"end":{"line":28,"column":133}},"9":{"start":{"line":29,"column":113},"end":{"line":29,"column":138}},"10":{"start":{"line":53,"column":8},"end":{"line":53,"column":null}},"11":{"start":{"line":57,"column":8},"end":{"line":59,"column":null}},"12":{"start":{"line":58,"column":12},"end":{"line":58,"column":null}},"13":{"start":{"line":61,"column":8},"end":{"line":61,"column":null}},"14":{"start":{"line":65,"column":8},"end":{"line":65,"column":null}},"15":{"start":{"line":69,"column":8},"end":{"line":69,"column":null}},"16":{"start":{"line":73,"column":8},"end":{"line":73,"column":null}},"17":{"start":{"line":76,"column":38},"end":{"line":78,"column":5}},"18":{"start":{"line":77,"column":8},"end":{"line":77,"column":null}},"19":{"start":{"line":80,"column":37},"end":{"line":82,"column":5}},"20":{"start":{"line":81,"column":8},"end":{"line":81,"column":null}},"21":{"start":{"line":84,"column":40},"end":{"line":86,"column":5}},"22":{"start":{"line":85,"column":8},"end":{"line":85,"column":null}},"23":{"start":{"line":89,"column":0},"end":{"line":89,"column":null}}},"fnMap":{"0":{"name":"(anonymous_7)","decl":{"start":{"line":19,"column":4},"end":{"line":19,"column":16}},"loc":{"start":{"line":19,"column":28},"end":{"line":23,"column":5}}},"1":{"name":"(anonymous_8)","decl":{"start":{"line":25,"column":4},"end":{"line":25,"column":10}},"loc":{"start":{"line":25,"column":10},"end":{"line":50,"column":5}}},"2":{"name":"(anonymous_9)","decl":{"start":{"line":28,"column":102},"end":{"line":28,"column":105}},"loc":{"start":{"line":28,"column":108},"end":{"line":28,"column":133}}},"3":{"name":"(anonymous_10)","decl":{"start":{"line":29,"column":107},"end":{"line":29,"column":110}},"loc":{"start":{"line":29,"column":113},"end":{"line":29,"column":138}}},"4":{"name":"(anonymous_11)","decl":{"start":{"line":52,"column":4},"end":{"line":52,"column":21}},"loc":{"start":{"line":52,"column":21},"end":{"line":54,"column":5}}},"5":{"name":"(anonymous_12)","decl":{"start":{"line":56,"column":4},"end":{"line":56,"column":19}},"loc":{"start":{"line":56,"column":19},"end":{"line":62,"column":5}}},"6":{"name":"(anonymous_13)","decl":{"start":{"line":64,"column":4},"end":{"line":64,"column":25}},"loc":{"start":{"line":64,"column":25},"end":{"line":66,"column":5}}},"7":{"name":"(anonymous_14)","decl":{"start":{"line":68,"column":4},"end":{"line":68,"column":26}},"loc":{"start":{"line":68,"column":26},"end":{"line":70,"column":5}}},"8":{"name":"(anonymous_15)","decl":{"start":{"line":72,"column":4},"end":{"line":72,"column":25}},"loc":{"start":{"line":72,"column":25},"end":{"line":74,"column":5}}},"9":{"name":"(anonymous_16)","decl":{"start":{"line":76,"column":38},"end":{"line":76,"column":47}},"loc":{"start":{"line":76,"column":49},"end":{"line":78,"column":5}}},"10":{"name":"(anonymous_17)","decl":{"start":{"line":80,"column":37},"end":{"line":80,"column":46}},"loc":{"start":{"line":80,"column":48},"end":{"line":82,"column":5}}},"11":{"name":"(anonymous_18)","decl":{"start":{"line":84,"column":40},"end":{"line":84,"column":49}},"loc":{"start":{"line":84,"column":51},"end":{"line":86,"column":5}}}},"branchMap":{"0":{"loc":{"start":{"line":28,"column":71},"end":{"line":28,"column":145}},"type":"cond-expr","locations":[{"start":{"line":28,"column":102},"end":{"line":28,"column":133}},{"start":{"line":28,"column":136},"end":{"line":28,"column":145}}]},"1":{"loc":{"start":{"line":29,"column":76},"end":{"line":29,"column":150}},"type":"cond-expr","locations":[{"start":{"line":29,"column":107},"end":{"line":29,"column":138}},{"start":{"line":29,"column":141},"end":{"line":29,"column":150}}]},"2":{"loc":{"start":{"line":42,"column":22},"end":{"line":45,"column":null}},"type":"binary-expr","locations":[{"start":{"line":42,"column":22},"end":{"line":42,"column":47}},{"start":{"line":43,"column":24},"end":{"line":44,"column":null}}]},"3":{"loc":{"start":{"line":53,"column":15},"end":{"line":53,"column":108}},"type":"cond-expr","locations":[{"start":{"line":53,"column":55},"end":{"line":53,"column":87}},{"start":{"line":53,"column":90},"end":{"line":53,"column":108}}]},"4":{"loc":{"start":{"line":57,"column":8},"end":{"line":59,"column":null}},"type":"if","locations":[{"start":{"line":57,"column":8},"end":{"line":59,"column":null}}]}},"s":{"0":2,"1":2,"2":2,"3":2,"4":2,"5":0,"6":0,"7":0,"8":0,"9":0,"10":0,"11":0,"12":0,"13":0,"14":0,"15":0,"16":0,"17":0,"18":0,"19":0,"20":0,"21":0,"22":0,"23":2},"f":{"0":0,"1":0,"2":0,"3":0,"4":0,"5":0,"6":0,"7":0,"8":0,"9":0,"10":0,"11":0},"b":{"0":[0,0],"1":[0,0],"2":[0,0],"3":[0,0],"4":[0]}}
,"/srv/src/js/index.ts": {"path":"/srv/src/js/index.ts","statementMap":{"0":{"start":{"line":1,"column":0},"end":{"line":1,"column":9}},"1":{"start":{"line":20,"column":4},"end":{"line":1,"column":66}},"2":{"start":{"line":2,"column":0},"end":{"line":2,"column":44}},"3":{"start":{"line":25,"column":4},"end":{"line":2,"column":87}},"4":{"start":{"line":3,"column":0},"end":{"line":3,"column":7}},"5":{"start":{"line":16,"column":4},"end":{"line":3,"column":55}},"6":{"start":{"line":4,"column":0},"end":{"line":4,"column":9}},"7":{"start":{"line":18,"column":4},"end":{"line":4,"column":60}},"8":{"start":{"line":5,"column":0},"end":{"line":5,"column":7}},"9":{"start":{"line":10,"column":4},"end":{"line":5,"column":65}},"10":{"start":{"line":6,"column":0},"end":{"line":6,"column":7}},"11":{"start":{"line":12,"column":4},"end":{"line":6,"column":78}},"12":{"start":{"line":7,"column":0},"end":{"line":7,"column":7}},"13":{"start":{"line":14,"column":4},"end":{"line":7,"column":87}}},"fnMap":{"0":{"name":"(anonymous_1)","decl":{"start":{"line":20,"column":4},"end":{"line":20,"column":9}},"loc":{"start":{"line":20,"column":4},"end":{"line":1,"column":66}}},"1":{"name":"(anonymous_2)","decl":{"start":{"line":25,"column":4},"end":{"line":25,"column":11}},"loc":{"start":{"line":25,"column":4},"end":{"line":2,"column":87}}},"2":{"name":"(anonymous_3)","decl":{"start":{"line":18,"column":4},"end":{"line":18,"column":12}},"loc":{"start":{"line":18,"column":4},"end":{"line":4,"column":60}}}},"branchMap":{},"s":{"0":2,"1":7,"2":2,"3":6,"4":2,"5":2,"6":2,"7":2,"8":2,"9":2,"10":2,"11":2,"12":2,"13":2},"f":{"0":5,"1":4,"2":0},"b":{}}
,"/srv/src/js/launcher.tsx": {"path":"/srv/src/js/launcher.tsx","statementMap":{"0":{"start":{"line":1,"column":0},"end":{"line":1,"column":30}},"1":{"start":{"line":2,"column":0},"end":{"line":2,"column":37}},"2":{"start":{"line":4,"column":0},"end":{"line":4,"column":44}},"3":{"start":{"line":19,"column":8},"end":{"line":19,"column":null}},"4":{"start":{"line":21,"column":8},"end":{"line":21,"column":null}},"5":{"start":{"line":25,"column":8},"end":{"line":27,"column":null}},"6":{"start":{"line":26,"column":12},"end":{"line":26,"column":null}},"7":{"start":{"line":29,"column":8},"end":{"line":36,"column":null}},"8":{"start":{"line":32,"column":31},"end":{"line":32,"column":56}},"9":{"start":{"line":40,"column":8},"end":{"line":40,"column":null}},"10":{"start":{"line":15,"column":0},"end":{"line":15,"column":13}},"11":{"start":{"line":44,"column":0},"end":{"line":44,"column":null}}},"fnMap":{"0":{"name":"(anonymous_6)","decl":{"start":{"line":18,"column":4},"end":{"line":18,"column":16}},"loc":{"start":{"line":18,"column":28},"end":{"line":22,"column":5}}},"1":{"name":"(anonymous_7)","decl":{"start":{"line":24,"column":4},"end":{"line":24,"column":10}},"loc":{"start":{"line":24,"column":10},"end":{"line":37,"column":5}}},"2":{"name":"(anonymous_8)","decl":{"start":{"line":32,"column":25},"end":{"line":32,"column":28}},"loc":{"start":{"line":32,"column":31},"end":{"line":32,"column":56}}},"3":{"name":"(anonymous_9)","decl":{"start":{"line":39,"column":4},"end":{"line":39,"column":17}},"loc":{"start":{"line":39,"column":17},"end":{"line":41,"column":5}}}},"branchMap":{"0":{"loc":{"start":{"line":25,"column":8},"end":{"line":27,"column":null}},"type":"if","locations":[{"start":{"line":25,"column":8},"end":{"line":27,"column":null}}]},"1":{"loc":{"start":{"line":25,"column":12},"end":{"line":25,"column":68}},"type":"binary-expr","locations":[{"start":{"line":25,"column":12},"end":{"line":25,"column":35}},{"start":{"line":25,"column":39},"end":{"line":25,"column":68}}]},"2":{"loc":{"start":{"line":31,"column":28},"end":{"line":31,"column":72}},"type":"binary-expr","locations":[{"start":{"line":31,"column":28},"end":{"line":31,"column":48}},{"start":{"line":31,"column":52},"end":{"line":31,"column":72}}]}},"s":{"0":2,"1":2,"2":2,"3":0,"4":0,"5":0,"6":0,"7":0,"8":0,"9":0,"10":2,"11":2},"f":{"0":0,"1":0,"2":0,"3":0},"b":{"0":[0],"1":[0,0],"2":[0,0]}}
,"/srv/src/js/service.ts": {"path":"/srv/src/js/service.ts","statementMap":{"0":{"start":{"line":1,"column":0},"end":{"line":1,"column":57}},"1":{"start":{"line":23,"column":38},"end":{"line":23,"column":47}},"2":{"start":{"line":27,"column":8},"end":{"line":32,"column":null}},"3":{"start":{"line":34,"column":8},"end":{"line":34,"column":null}},"4":{"start":{"line":38,"column":8},"end":{"line":38,"column":null}},"5":{"start":{"line":42,"column":8},"end":{"line":42,"column":null}},"6":{"start":{"line":46,"column":8},"end":{"line":46,"column":null}},"7":{"start":{"line":50,"column":8},"end":{"line":50,"column":null}},"8":{"start":{"line":54,"column":8},"end":{"line":54,"column":null}},"9":{"start":{"line":58,"column":8},"end":{"line":64,"column":null}},"10":{"start":{"line":68,"column":8},"end":{"line":70,"column":null}},"11":{"start":{"line":69,"column":12},"end":{"line":69,"column":18}},"12":{"start":{"line":72,"column":8},"end":{"line":72,"column":null}},"13":{"start":{"line":74,"column":8},"end":{"line":76,"column":null}},"14":{"start":{"line":75,"column":12},"end":{"line":75,"column":null}},"15":{"start":{"line":80,"column":8},"end":{"line":82,"column":null}},"16":{"start":{"line":81,"column":12},"end":{"line":81,"column":18}},"17":{"start":{"line":84,"column":8},"end":{"line":84,"column":null}},"18":{"start":{"line":86,"column":8},"end":{"line":88,"column":null}},"19":{"start":{"line":87,"column":12},"end":{"line":87,"column":null}},"20":{"start":{"line":22,"column":0},"end":{"line":22,"column":13}}},"fnMap":{"0":{"name":"(anonymous_0)","decl":{"start":{"line":26,"column":4},"end":{"line":26,"column":16}},"loc":{"start":{"line":26,"column":39},"end":{"line":35,"column":5}}},"1":{"name":"(anonymous_1)","decl":{"start":{"line":37,"column":4},"end":{"line":37,"column":15}},"loc":{"start":{"line":37,"column":17},"end":{"line":39,"column":5}}},"2":{"name":"(anonymous_2)","decl":{"start":{"line":41,"column":4},"end":{"line":41,"column":15}},"loc":{"start":{"line":41,"column":26},"end":{"line":43,"column":5}}},"3":{"name":"(anonymous_3)","decl":{"start":{"line":45,"column":4},"end":{"line":45,"column":15}},"loc":{"start":{"line":45,"column":19},"end":{"line":47,"column":5}}},"4":{"name":"(anonymous_4)","decl":{"start":{"line":49,"column":4},"end":{"line":49,"column":15}},"loc":{"start":{"line":49,"column":19},"end":{"line":51,"column":5}}},"5":{"name":"(anonymous_5)","decl":{"start":{"line":53,"column":4},"end":{"line":53,"column":15}},"loc":{"start":{"line":53,"column":22},"end":{"line":55,"column":5}}},"6":{"name":"(anonymous_6)","decl":{"start":{"line":57,"column":4},"end":{"line":57,"column":15}},"loc":{"start":{"line":57,"column":25},"end":{"line":65,"column":5}}},"7":{"name":"(anonymous_7)","decl":{"start":{"line":67,"column":11},"end":{"line":67,"column":17}},"loc":{"start":{"line":67,"column":17},"end":{"line":77,"column":5}}},"8":{"name":"(anonymous_8)","decl":{"start":{"line":79,"column":11},"end":{"line":79,"column":18}},"loc":{"start":{"line":79,"column":18},"end":{"line":89,"column":5}}}},"branchMap":{"0":{"loc":{"start":{"line":46,"column":15},"end":{"line":46,"column":46}},"type":"binary-expr","locations":[{"start":{"line":46,"column":15},"end":{"line":46,"column":33}},{"start":{"line":46,"column":37},"end":{"line":46,"column":46}}]},"1":{"loc":{"start":{"line":50,"column":15},"end":{"line":50,"column":92}},"type":"cond-expr","locations":[{"start":{"line":50,"column":50},"end":{"line":50,"column":68}},{"start":{"line":50,"column":71},"end":{"line":50,"column":92}}]},"2":{"loc":{"start":{"line":54,"column":15},"end":{"line":54,"column":65}},"type":"cond-expr","locations":[{"start":{"line":54,"column":39},"end":{"line":54,"column":60}},{"start":{"line":54,"column":63},"end":{"line":54,"column":65}}]},"3":{"loc":{"start":{"line":68,"column":8},"end":{"line":70,"column":null}},"type":"if","locations":[{"start":{"line":68,"column":8},"end":{"line":70,"column":null}}]},"4":{"loc":{"start":{"line":74,"column":8},"end":{"line":76,"column":null}},"type":"if","locations":[{"start":{"line":74,"column":8},"end":{"line":76,"column":null}}]},"5":{"loc":{"start":{"line":80,"column":8},"end":{"line":82,"column":null}},"type":"if","locations":[{"start":{"line":80,"column":8},"end":{"line":82,"column":null}}]},"6":{"loc":{"start":{"line":86,"column":8},"end":{"line":88,"column":null}},"type":"if","locations":[{"start":{"line":86,"column":8},"end":{"line":88,"column":null}}]}},"s":{"0":2,"1":18,"2":18,"3":18,"4":95,"5":108,"6":74,"7":5,"8":5,"9":2,"10":20,"11":4,"12":16,"13":16,"14":16,"15":12,"16":1,"17":11,"18":11,"19":11,"20":2},"f":{"0":18,"1":95,"2":108,"3":74,"4":5,"5":5,"6":2,"7":20,"8":12},"b":{"0":[74,23],"1":[2,3],"2":[4,1],"3":[4],"4":[16],"5":[1],"6":[11]}}
,"/srv/src/js/store.ts": {"path":"/srv/src/js/store.ts","statementMap":{"0":{"start":{"line":1,"column":0},"end":{"line":1,"column":67}},"1":{"start":{"line":2,"column":0},"end":{"line":2,"column":60}},"2":{"start":{"line":3,"column":0},"end":{"line":3,"column":30}},"3":{"start":{"line":4,"column":0},"end":{"line":4,"column":89}},"4":{"start":{"line":38,"column":33},"end":{"line":38,"column":35}},"5":{"start":{"line":39,"column":43},"end":{"line":39,"column":52}},"6":{"start":{"line":40,"column":44},"end":{"line":40,"column":53}},"7":{"start":{"line":41,"column":37},"end":{"line":41,"column":42}},"8":{"start":{"line":42,"column":49},"end":{"line":42,"column":54}},"9":{"start":{"line":43,"column":34},"end":{"line":43,"column":39}},"10":{"start":{"line":44,"column":37},"end":{"line":44,"column":39}},"11":{"start":{"line":49,"column":8},"end":{"line":73,"column":null}},"12":{"start":{"line":75,"column":8},"end":{"line":86,"column":null}},"13":{"start":{"line":88,"column":8},"end":{"line":88,"column":null}},"14":{"start":{"line":92,"column":8},"end":{"line":92,"column":null}},"15":{"start":{"line":94,"column":8},"end":{"line":94,"column":null}},"16":{"start":{"line":96,"column":8},"end":{"line":96,"column":null}},"17":{"start":{"line":100,"column":8},"end":{"line":104,"column":null}},"18":{"start":{"line":101,"column":12},"end":{"line":103,"column":null}},"19":{"start":{"line":102,"column":16},"end":{"line":102,"column":null}},"20":{"start":{"line":106,"column":8},"end":{"line":106,"column":null}},"21":{"start":{"line":110,"column":8},"end":{"line":114,"column":null}},"22":{"start":{"line":111,"column":12},"end":{"line":113,"column":null}},"23":{"start":{"line":112,"column":16},"end":{"line":112,"column":null}},"24":{"start":{"line":116,"column":8},"end":{"line":116,"column":null}},"25":{"start":{"line":121,"column":8},"end":{"line":121,"column":null}},"26":{"start":{"line":123,"column":8},"end":{"line":125,"column":null}},"27":{"start":{"line":124,"column":12},"end":{"line":124,"column":null}},"28":{"start":{"line":129,"column":8},"end":{"line":129,"column":null}},"29":{"start":{"line":130,"column":8},"end":{"line":130,"column":null}},"30":{"start":{"line":134,"column":22},"end":{"line":134,"column":54}},"31":{"start":{"line":135,"column":8},"end":{"line":139,"column":null}},"32":{"start":{"line":136,"column":12},"end":{"line":136,"column":null}},"33":{"start":{"line":138,"column":12},"end":{"line":138,"column":null}},"34":{"start":{"line":143,"column":51},"end":{"line":143,"column":53}},"35":{"start":{"line":145,"column":8},"end":{"line":164,"column":null}},"36":{"start":{"line":146,"column":24},"end":{"line":146,"column":39}},"37":{"start":{"line":147,"column":12},"end":{"line":163,"column":null}},"38":{"start":{"line":148,"column":16},"end":{"line":154,"column":null}},"39":{"start":{"line":156,"column":16},"end":{"line":158,"column":null}},"40":{"start":{"line":157,"column":20},"end":{"line":157,"column":null}},"41":{"start":{"line":159,"column":16},"end":{"line":161,"column":null}},"42":{"start":{"line":160,"column":20},"end":{"line":160,"column":null}},"43":{"start":{"line":162,"column":16},"end":{"line":162,"column":null}},"44":{"start":{"line":166,"column":8},"end":{"line":166,"column":null}},"45":{"start":{"line":170,"column":24},"end":{"line":170,"column":52}},"46":{"start":{"line":172,"column":8},"end":{"line":174,"column":null}},"47":{"start":{"line":173,"column":12},"end":{"line":173,"column":null}},"48":{"start":{"line":176,"column":24},"end":{"line":176,"column":44}},"49":{"start":{"line":178,"column":8},"end":{"line":182,"column":null}},"50":{"start":{"line":179,"column":12},"end":{"line":179,"column":null}},"51":{"start":{"line":180,"column":15},"end":{"line":182,"column":null}},"52":{"start":{"line":181,"column":12},"end":{"line":181,"column":null}},"53":{"start":{"line":184,"column":8},"end":{"line":184,"column":null}},"54":{"start":{"line":186,"column":8},"end":{"line":186,"column":null}},"55":{"start":{"line":190,"column":8},"end":{"line":190,"column":null}},"56":{"start":{"line":194,"column":24},"end":{"line":194,"column":44}},"57":{"start":{"line":196,"column":8},"end":{"line":198,"column":null}},"58":{"start":{"line":197,"column":12},"end":{"line":197,"column":null}},"59":{"start":{"line":202,"column":24},"end":{"line":202,"column":44}},"60":{"start":{"line":204,"column":8},"end":{"line":206,"column":null}},"61":{"start":{"line":205,"column":12},"end":{"line":205,"column":null}},"62":{"start":{"line":210,"column":8},"end":{"line":214,"column":null}},"63":{"start":{"line":211,"column":12},"end":{"line":213,"column":null}},"64":{"start":{"line":212,"column":16},"end":{"line":212,"column":null}},"65":{"start":{"line":218,"column":8},"end":{"line":222,"column":null}},"66":{"start":{"line":219,"column":12},"end":{"line":221,"column":null}},"67":{"start":{"line":220,"column":16},"end":{"line":220,"column":null}},"68":{"start":{"line":226,"column":8},"end":{"line":228,"column":null}},"69":{"start":{"line":227,"column":12},"end":{"line":227,"column":null}},"70":{"start":{"line":230,"column":8},"end":{"line":230,"column":null}},"71":{"start":{"line":232,"column":8},"end":{"line":232,"column":null}},"72":{"start":{"line":234,"column":8},"end":{"line":234,"column":null}},"73":{"start":{"line":238,"column":8},"end":{"line":242,"column":null}},"74":{"start":{"line":239,"column":12},"end":{"line":241,"column":null}},"75":{"start":{"line":240,"column":16},"end":{"line":240,"column":null}},"76":{"start":{"line":244,"column":8},"end":{"line":244,"column":null}},"77":{"start":{"line":246,"column":8},"end":{"line":246,"column":null}},"78":{"start":{"line":248,"column":8},"end":{"line":248,"column":null}},"79":{"start":{"line":252,"column":35},"end":{"line":252,"column":37}},"80":{"start":{"line":254,"column":8},"end":{"line":258,"column":null}},"81":{"start":{"line":255,"column":12},"end":{"line":257,"column":null}},"82":{"start":{"line":256,"column":16},"end":{"line":256,"column":null}},"83":{"start":{"line":260,"column":8},"end":{"line":260,"column":null}},"84":{"start":{"line":264,"column":37},"end":{"line":264,"column":39}},"85":{"start":{"line":266,"column":8},"end":{"line":270,"column":null}},"86":{"start":{"line":267,"column":12},"end":{"line":269,"column":null}},"87":{"start":{"line":268,"column":16},"end":{"line":268,"column":null}},"88":{"start":{"line":272,"column":8},"end":{"line":272,"column":null}},"89":{"start":{"line":276,"column":23},"end":{"line":276,"column":67}},"90":{"start":{"line":278,"column":8},"end":{"line":281,"column":null}},"91":{"start":{"line":279,"column":12},"end":{"line":279,"column":null}},"92":{"start":{"line":280,"column":12},"end":{"line":280,"column":18}},"93":{"start":{"line":283,"column":8},"end":{"line":283,"column":null}},"94":{"start":{"line":285,"column":23},"end":{"line":285,"column":40}},"95":{"start":{"line":287,"column":8},"end":{"line":292,"column":null}},"96":{"start":{"line":288,"column":28},"end":{"line":288,"column":48}},"97":{"start":{"line":289,"column":12},"end":{"line":291,"column":null}},"98":{"start":{"line":290,"column":16},"end":{"line":290,"column":null}},"99":{"start":{"line":293,"column":8},"end":{"line":300,"column":null}},"100":{"start":{"line":294,"column":12},"end":{"line":299,"column":null}},"101":{"start":{"line":295,"column":32},"end":{"line":295,"column":52}},"102":{"start":{"line":296,"column":16},"end":{"line":298,"column":null}},"103":{"start":{"line":297,"column":20},"end":{"line":297,"column":null}},"104":{"start":{"line":304,"column":8},"end":{"line":304,"column":null}},"105":{"start":{"line":304,"column":53},"end":{"line":304,"column":92}},"106":{"start":{"line":308,"column":8},"end":{"line":312,"column":null}},"107":{"start":{"line":309,"column":12},"end":{"line":311,"column":null}},"108":{"start":{"line":310,"column":16},"end":{"line":310,"column":null}},"109":{"start":{"line":316,"column":42},"end":{"line":321,"column":null}},"110":{"start":{"line":323,"column":8},"end":{"line":323,"column":null}},"111":{"start":{"line":325,"column":8},"end":{"line":325,"column":null}},"112":{"start":{"line":329,"column":21},"end":{"line":332,"column":10}},"113":{"start":{"line":334,"column":8},"end":{"line":334,"column":null}},"114":{"start":{"line":338,"column":8},"end":{"line":341,"column":null}},"115":{"start":{"line":339,"column":12},"end":{"line":339,"column":null}},"116":{"start":{"line":340,"column":12},"end":{"line":340,"column":null}},"117":{"start":{"line":37,"column":0},"end":{"line":37,"column":13}}},"fnMap":{"0":{"name":"(anonymous_1)","decl":{"start":{"line":48,"column":4},"end":{"line":48,"column":16}},"loc":{"start":{"line":48,"column":62},"end":{"line":89,"column":5}}},"1":{"name":"(anonymous_2)","decl":{"start":{"line":91,"column":11},"end":{"line":91,"column":21}},"loc":{"start":{"line":91,"column":21},"end":{"line":97,"column":5}}},"2":{"name":"(anonymous_3)","decl":{"start":{"line":99,"column":4},"end":{"line":99,"column":15}},"loc":{"start":{"line":99,"column":26},"end":{"line":107,"column":5}}},"3":{"name":"(anonymous_4)","decl":{"start":{"line":109,"column":4},"end":{"line":109,"column":15}},"loc":{"start":{"line":109,"column":27},"end":{"line":117,"column":5}}},"4":{"name":"(anonymous_5)","decl":{"start":{"line":119,"column":11},"end":{"line":119,"column":23}},"loc":{"start":{"line":119,"column":23},"end":{"line":126,"column":5}}},"5":{"name":"(anonymous_6)","decl":{"start":{"line":128,"column":11},"end":{"line":128,"column":26}},"loc":{"start":{"line":128,"column":26},"end":{"line":131,"column":5}}},"6":{"name":"(anonymous_7)","decl":{"start":{"line":133,"column":11},"end":{"line":133,"column":21}},"loc":{"start":{"line":133,"column":34},"end":{"line":140,"column":5}}},"7":{"name":"(anonymous_8)","decl":{"start":{"line":142,"column":4},"end":{"line":142,"column":15}},"loc":{"start":{"line":142,"column":20},"end":{"line":167,"column":5}}},"8":{"name":"(anonymous_9)","decl":{"start":{"line":169,"column":11},"end":{"line":169,"column":21}},"loc":{"start":{"line":169,"column":46},"end":{"line":187,"column":5}}},"9":{"name":"(anonymous_10)","decl":{"start":{"line":189,"column":4},"end":{"line":189,"column":15}},"loc":{"start":{"line":189,"column":29},"end":{"line":191,"column":5}}},"10":{"name":"(anonymous_11)","decl":{"start":{"line":193,"column":11},"end":{"line":193,"column":17}},"loc":{"start":{"line":193,"column":28},"end":{"line":199,"column":5}}},"11":{"name":"(anonymous_12)","decl":{"start":{"line":201,"column":11},"end":{"line":201,"column":18}},"loc":{"start":{"line":201,"column":29},"end":{"line":207,"column":5}}},"12":{"name":"(anonymous_13)","decl":{"start":{"line":209,"column":11},"end":{"line":209,"column":21}},"loc":{"start":{"line":209,"column":34},"end":{"line":215,"column":5}}},"13":{"name":"(anonymous_14)","decl":{"start":{"line":217,"column":11},"end":{"line":217,"column":22}},"loc":{"start":{"line":217,"column":35},"end":{"line":223,"column":5}}},"14":{"name":"(anonymous_15)","decl":{"start":{"line":225,"column":11},"end":{"line":225,"column":20}},"loc":{"start":{"line":225,"column":20},"end":{"line":235,"column":5}}},"15":{"name":"(anonymous_16)","decl":{"start":{"line":237,"column":11},"end":{"line":237,"column":21}},"loc":{"start":{"line":237,"column":21},"end":{"line":249,"column":5}}},"16":{"name":"(anonymous_17)","decl":{"start":{"line":251,"column":4},"end":{"line":251,"column":15}},"loc":{"start":{"line":251,"column":23},"end":{"line":261,"column":5}}},"17":{"name":"(anonymous_18)","decl":{"start":{"line":263,"column":4},"end":{"line":263,"column":15}},"loc":{"start":{"line":263,"column":25},"end":{"line":273,"column":5}}},"18":{"name":"(anonymous_19)","decl":{"start":{"line":275,"column":14},"end":{"line":275,"column":33}},"loc":{"start":{"line":275,"column":33},"end":{"line":301,"column":5}}},"19":{"name":"(anonymous_20)","decl":{"start":{"line":303,"column":4},"end":{"line":303,"column":15}},"loc":{"start":{"line":303,"column":36},"end":{"line":305,"column":5}}},"20":{"name":"(anonymous_21)","decl":{"start":{"line":304,"column":37},"end":{"line":304,"column":38}},"loc":{"start":{"line":304,"column":53},"end":{"line":304,"column":92}}},"21":{"name":"(anonymous_22)","decl":{"start":{"line":307,"column":14},"end":{"line":307,"column":25}},"loc":{"start":{"line":307,"column":37},"end":{"line":313,"column":5}}},"22":{"name":"(anonymous_23)","decl":{"start":{"line":315,"column":14},"end":{"line":315,"column":34}},"loc":{"start":{"line":315,"column":34},"end":{"line":326,"column":5}}},"23":{"name":"(anonymous_24)","decl":{"start":{"line":328,"column":4},"end":{"line":328,"column":13}},"loc":{"start":{"line":328,"column":13},"end":{"line":335,"column":5}}},"24":{"name":"(anonymous_25)","decl":{"start":{"line":337,"column":4},"end":{"line":337,"column":15}},"loc":{"start":{"line":337,"column":38},"end":{"line":342,"column":5}}},"25":{"name":"(anonymous_26)","decl":{"start":{"line":338,"column":15},"end":{"line":338,"column":18}},"loc":{"start":{"line":338,"column":20},"end":{"line":341,"column":9}}}},"branchMap":{"0":{"loc":{"start":{"line":94,"column":30},"end":{"line":94,"column":86}},"type":"binary-expr","locations":[{"start":{"line":94,"column":30},"end":{"line":94,"column":52}},{"start":{"line":94,"column":56},"end":{"line":94,"column":86}}]},"1":{"loc":{"start":{"line":96,"column":42},"end":{"line":96,"column":99}},"type":"binary-expr","locations":[{"start":{"line":96,"column":42},"end":{"line":96,"column":65}},{"start":{"line":96,"column":69},"end":{"line":96,"column":99}}]},"2":{"loc":{"start":{"line":101,"column":12},"end":{"line":103,"column":null}},"type":"if","locations":[{"start":{"line":101,"column":12},"end":{"line":103,"column":null}}]},"3":{"loc":{"start":{"line":111,"column":12},"end":{"line":113,"column":null}},"type":"if","locations":[{"start":{"line":111,"column":12},"end":{"line":113,"column":null}}]},"4":{"loc":{"start":{"line":111,"column":16},"end":{"line":111,"column":62}},"type":"binary-expr","locations":[{"start":{"line":111,"column":16},"end":{"line":111,"column":39}},{"start":{"line":111,"column":43},"end":{"line":111,"column":62}}]},"5":{"loc":{"start":{"line":123,"column":8},"end":{"line":125,"column":null}},"type":"if","locations":[{"start":{"line":123,"column":8},"end":{"line":125,"column":null}}]},"6":{"loc":{"start":{"line":123,"column":12},"end":{"line":123,"column":92}},"type":"binary-expr","locations":[{"start":{"line":123,"column":12},"end":{"line":123,"column":32}},{"start":{"line":123,"column":36},"end":{"line":123,"column":58}},{"start":{"line":123,"column":62},"end":{"line":123,"column":92}}]},"7":{"loc":{"start":{"line":135,"column":8},"end":{"line":139,"column":null}},"type":"if","locations":[{"start":{"line":135,"column":8},"end":{"line":139,"column":null}},{"start":{"line":137,"column":15},"end":{"line":139,"column":null}}]},"8":{"loc":{"start":{"line":147,"column":12},"end":{"line":163,"column":null}},"type":"if","locations":[{"start":{"line":147,"column":12},"end":{"line":163,"column":null}},{"start":{"line":155,"column":19},"end":{"line":163,"column":null}}]},"9":{"loc":{"start":{"line":156,"column":16},"end":{"line":158,"column":null}},"type":"if","locations":[{"start":{"line":156,"column":16},"end":{"line":158,"column":null}}]},"10":{"loc":{"start":{"line":159,"column":16},"end":{"line":161,"column":null}},"type":"if","locations":[{"start":{"line":159,"column":16},"end":{"line":161,"column":null}}]},"11":{"loc":{"start":{"line":172,"column":8},"end":{"line":174,"column":null}},"type":"if","locations":[{"start":{"line":172,"column":8},"end":{"line":174,"column":null}}]},"12":{"loc":{"start":{"line":178,"column":8},"end":{"line":182,"column":null}},"type":"if","locations":[{"start":{"line":178,"column":8},"end":{"line":182,"column":null}},{"start":{"line":180,"column":15},"end":{"line":182,"column":null}}]},"13":{"loc":{"start":{"line":178,"column":12},"end":{"line":178,"column":63}},"type":"binary-expr","locations":[{"start":{"line":178,"column":12},"end":{"line":178,"column":39}},{"start":{"line":178,"column":43},"end":{"line":178,"column":63}}]},"14":{"loc":{"start":{"line":180,"column":15},"end":{"line":182,"column":null}},"type":"if","locations":[{"start":{"line":180,"column":15},"end":{"line":182,"column":null}}]},"15":{"loc":{"start":{"line":196,"column":8},"end":{"line":198,"column":null}},"type":"if","locations":[{"start":{"line":196,"column":8},"end":{"line":198,"column":null}}]},"16":{"loc":{"start":{"line":204,"column":8},"end":{"line":206,"column":null}},"type":"if","locations":[{"start":{"line":204,"column":8},"end":{"line":206,"column":null}}]},"17":{"loc":{"start":{"line":204,"column":12},"end":{"line":204,"column":42}},"type":"binary-expr","locations":[{"start":{"line":204,"column":12},"end":{"line":204,"column":19}},{"start":{"line":204,"column":23},"end":{"line":204,"column":42}}]},"18":{"loc":{"start":{"line":211,"column":12},"end":{"line":213,"column":null}},"type":"if","locations":[{"start":{"line":211,"column":12},"end":{"line":213,"column":null}}]},"19":{"loc":{"start":{"line":219,"column":12},"end":{"line":221,"column":null}},"type":"if","locations":[{"start":{"line":219,"column":12},"end":{"line":221,"column":null}}]},"20":{"loc":{"start":{"line":219,"column":16},"end":{"line":219,"column":59}},"type":"binary-expr","locations":[{"start":{"line":219,"column":16},"end":{"line":219,"column":36}},{"start":{"line":219,"column":40},"end":{"line":219,"column":59}}]},"21":{"loc":{"start":{"line":239,"column":12},"end":{"line":241,"column":null}},"type":"if","locations":[{"start":{"line":239,"column":12},"end":{"line":241,"column":null}}]},"22":{"loc":{"start":{"line":255,"column":12},"end":{"line":257,"column":null}},"type":"if","locations":[{"start":{"line":255,"column":12},"end":{"line":257,"column":null}}]},"23":{"loc":{"start":{"line":267,"column":12},"end":{"line":269,"column":null}},"type":"if","locations":[{"start":{"line":267,"column":12},"end":{"line":269,"column":null}}]},"24":{"loc":{"start":{"line":278,"column":8},"end":{"line":281,"column":null}},"type":"if","locations":[{"start":{"line":278,"column":8},"end":{"line":281,"column":null}}]},"25":{"loc":{"start":{"line":289,"column":12},"end":{"line":291,"column":null}},"type":"if","locations":[{"start":{"line":289,"column":12},"end":{"line":291,"column":null}}]},"26":{"loc":{"start":{"line":293,"column":8},"end":{"line":300,"column":null}},"type":"if","locations":[{"start":{"line":293,"column":8},"end":{"line":300,"column":null}}]},"27":{"loc":{"start":{"line":296,"column":16},"end":{"line":298,"column":null}},"type":"if","locations":[{"start":{"line":296,"column":16},"end":{"line":298,"column":null}}]},"28":{"loc":{"start":{"line":304,"column":53},"end":{"line":304,"column":92}},"type":"binary-expr","locations":[{"start":{"line":304,"column":53},"end":{"line":304,"column":66}},{"start":{"line":304,"column":70},"end":{"line":304,"column":92}}]},"29":{"loc":{"start":{"line":309,"column":12},"end":{"line":311,"column":null}},"type":"if","locations":[{"start":{"line":309,"column":12},"end":{"line":311,"column":null}}]}},"s":{"0":2,"1":2,"2":2,"3":2,"4":5,"5":5,"6":5,"7":5,"8":5,"9":5,"10":5,"11":5,"12":5,"13":5,"14":4,"15":4,"16":4,"17":3,"18":8,"19":2,"20":1,"21":3,"22":9,"23":2,"24":1,"25":1,"26":1,"27":1,"28":1,"29":1,"30":3,"31":3,"32":1,"33":2,"34":10,"35":10,"36":55,"37":55,"38":30,"39":25,"40":4,"41":25,"42":25,"43":25,"44":10,"45":15,"46":15,"47":1,"48":14,"49":14,"50":3,"51":11,"52":1,"53":14,"54":14,"55":1,"56":3,"57":3,"58":3,"59":2,"60":2,"61":1,"62":1,"63":6,"64":3,"65":1,"66":6,"67":2,"68":1,"69":4,"70":1,"71":1,"72":1,"73":1,"74":4,"75":3,"76":1,"77":1,"78":1,"79":10,"80":10,"81":45,"82":23,"83":10,"84":2,"85":2,"86":8,"87":3,"88":2,"89":4,"90":4,"91":2,"92":2,"93":2,"94":2,"95":2,"96":4,"97":4,"98":4,"99":2,"100":2,"101":2,"102":2,"103":2,"104":6,"105":22,"106":26,"107":58,"108":12,"109":2,"110":2,"111":2,"112":2,"113":2,"114":2,"115":2,"116":2,"117":2},"f":{"0":5,"1":4,"2":3,"3":3,"4":1,"5":1,"6":3,"7":10,"8":15,"9":1,"10":3,"11":2,"12":1,"13":1,"14":1,"15":1,"16":10,"17":2,"18":4,"19":6,"20":22,"21":26,"22":2,"23":2,"24":2,"25":2},"b":{"0":[4,2],"1":[4,2],"2":[2],"3":[2],"4":[9,5],"5":[1],"6":[1,1,1],"7":[1,2],"8":[30,25],"9":[4],"10":[25],"11":[1],"12":[3,11],"13":[14,14],"14":[1],"15":[3],"16":[1],"17":[2,2],"18":[3],"19":[2],"20":[6,2],"21":[3],"22":[23],"23":[3],"24":[2],"25":[4],"26":[2],"27":[2],"28":[22,16],"29":[12]}}
}
