{"/srv/src/js/customize-service.tsx": {"path":"/srv/src/js/customize-service.tsx","statementMap":{"0":{"start":{"line":1,"column":0},"end":{"line":1,"column":30}},"1":{"start":{"line":2,"column":0},"end":{"line":2,"column":37}},"2":{"start":{"line":4,"column":0},"end":{"line":4,"column":35}},"3":{"start":{"line":19,"column":35},"end":{"line":19,"column":45}},"4":{"start":{"line":21,"column":8},"end":{"line":35,"column":null}},"5":{"start":{"line":39,"column":8},"end":{"line":39,"column":null}},"6":{"start":{"line":43,"column":8},"end":{"line":49,"column":null}},"7":{"start":{"line":46,"column":27},"end":{"line":46,"column":77}},"8":{"start":{"line":53,"column":8},"end":{"line":53,"column":null}},"9":{"start":{"line":57,"column":8},"end":{"line":63,"column":null}},"10":{"start":{"line":60,"column":27},"end":{"line":60,"column":78}},"11":{"start":{"line":67,"column":8},"end":{"line":67,"column":null}},"12":{"start":{"line":71,"column":8},"end":{"line":71,"column":null}},"13":{"start":{"line":75,"column":0},"end":{"line":75,"column":null}}},"fnMap":{"0":{"name":"(anonymous_6)","decl":{"start":{"line":17,"column":4},"end":{"line":17,"column":10}},"loc":{"start":{"line":17,"column":10},"end":{"line":36,"column":5}}},"1":{"name":"(anonymous_7)","decl":{"start":{"line":38,"column":4},"end":{"line":38,"column":21}},"loc":{"start":{"line":38,"column":21},"end":{"line":40,"column":5}}},"2":{"name":"(anonymous_8)","decl":{"start":{"line":42,"column":4},"end":{"line":42,"column":16}},"loc":{"start":{"line":42,"column":16},"end":{"line":50,"column":5}}},"3":{"name":"(anonymous_9)","decl":{"start":{"line":46,"column":21},"end":{"line":46,"column":24}},"loc":{"start":{"line":46,"column":27},"end":{"line":46,"column":77}}},"4":{"name":"(anonymous_10)","decl":{"start":{"line":52,"column":4},"end":{"line":52,"column":23}},"loc":{"start":{"line":52,"column":48},"end":{"line":54,"column":5}}},"5":{"name":"(anonymous_11)","decl":{"start":{"line":56,"column":4},"end":{"line":56,"column":17}},"loc":{"start":{"line":56,"column":17},"end":{"line":64,"column":5}}},"6":{"name":"(anonymous_12)","decl":{"start":{"line":60,"column":21},"end":{"line":60,"column":24}},"loc":{"start":{"line":60,"column":27},"end":{"line":60,"column":78}}},"7":{"name":"(anonymous_13)","decl":{"start":{"line":66,"column":4},"end":{"line":66,"column":24}},"loc":{"start":{"line":66,"column":49},"end":{"line":68,"column":5}}},"8":{"name":"(anonymous_14)","decl":{"start":{"line":70,"column":4},"end":{"line":70,"column":23}},"loc":{"start":{"line":70,"column":23},"end":{"line":72,"column":5}}}},"branchMap":{"0":{"loc":{"start":{"line":25,"column":22},"end":{"line":31,"column":null}},"type":"cond-expr","locations":[{"start":{"line":26,"column":24},"end":{"line":28,"column":null}},{"start":{"line":31,"column":24},"end":{"line":31,"column":50}}]}},"s":{"0":2,"1":2,"2":2,"3":0,"4":0,"5":0,"6":0,"7":0,"8":0,"9":0,"10":0,"11":0,"12":0,"13":2},"f":{"0":0,"1":0,"2":0,"3":0,"4":0,"5":0,"6":0,"7":0,"8":0},"b":{"0":[0,0]}}
,"/srv/src/js/customize-type.tsx": {"path":"/srv/src/js/customize-type.tsx","statementMap":{"0":{"start":{"line":1,"column":0},"end":{"line":1,"column":30}},"1":{"start":{"line":2,"column":0},"end":{"line":2,"column":37}},"2":{"start":{"line":4,"column":0},"end":{"line":4,"column":56}},"3":{"start":{"line":6,"column":0},"end":{"line":6,"column":50}},"4":{"start":{"line":20,"column":32},"end":{"line":20,"column":42}},"5":{"start":{"line":22,"column":8},"end":{"line":41,"column":null}},"6":{"start":{"line":38,"column":74},"end":{"line":38,"column":101}},"7":{"start":{"line":45,"column":8},"end":{"line":45,"column":null}},"8":{"start":{"line":49,"column":8},"end":{"line":55,"column":null}},"9":{"start":{"line":52,"column":27},"end":{"line":52,"column":74}},"10":{"start":{"line":59,"column":8},"end":{"line":59,"column":null}},"11":{"start":{"line":63,"column":8},"end":{"line":69,"column":null}},"12":{"start":{"line":66,"column":27},"end":{"line":66,"column":75}},"13":{"start":{"line":73,"column":8},"end":{"line":73,"column":null}},"14":{"start":{"line":77,"column":8},"end":{"line":77,"column":null}},"15":{"start":{"line":81,"column":8},"end":{"line":81,"column":null}},"16":{"start":{"line":85,"column":0},"end":{"line":85,"column":null}}},"fnMap":{"0":{"name":"(anonymous_7)","decl":{"start":{"line":18,"column":4},"end":{"line":18,"column":10}},"loc":{"start":{"line":18,"column":10},"end":{"line":42,"column":5}}},"1":{"name":"(anonymous_8)","decl":{"start":{"line":38,"column":40},"end":{"line":38,"column":41}},"loc":{"start":{"line":38,"column":74},"end":{"line":38,"column":101}}},"2":{"name":"(anonymous_9)","decl":{"start":{"line":44,"column":4},"end":{"line":44,"column":18}},"loc":{"start":{"line":44,"column":18},"end":{"line":46,"column":5}}},"3":{"name":"(anonymous_10)","decl":{"start":{"line":48,"column":4},"end":{"line":48,"column":19}},"loc":{"start":{"line":48,"column":19},"end":{"line":56,"column":5}}},"4":{"name":"(anonymous_11)","decl":{"start":{"line":52,"column":21},"end":{"line":52,"column":24}},"loc":{"start":{"line":52,"column":27},"end":{"line":52,"column":74}}},"5":{"name":"(anonymous_12)","decl":{"start":{"line":58,"column":4},"end":{"line":58,"column":26}},"loc":{"start":{"line":58,"column":51},"end":{"line":60,"column":5}}},"6":{"name":"(anonymous_13)","decl":{"start":{"line":62,"column":4},"end":{"line":62,"column":20}},"loc":{"start":{"line":62,"column":20},"end":{"line":70,"column":5}}},"7":{"name":"(anonymous_14)","decl":{"start":{"line":66,"column":21},"end":{"line":66,"column":24}},"loc":{"start":{"line":66,"column":27},"end":{"line":66,"column":75}}},"8":{"name":"(anonymous_15)","decl":{"start":{"line":72,"column":4},"end":{"line":72,"column":27}},"loc":{"start":{"line":72,"column":52},"end":{"line":74,"column":5}}},"9":{"name":"(anonymous_16)","decl":{"start":{"line":76,"column":4},"end":{"line":76,"column":17}},"loc":{"start":{"line":76,"column":47},"end":{"line":78,"column":5}}},"10":{"name":"(anonymous_17)","decl":{"start":{"line":80,"column":4},"end":{"line":80,"column":23}},"loc":{"start":{"line":80,"column":23},"end":{"line":82,"column":5}}}},"branchMap":{"0":{"loc":{"start":{"line":26,"column":22},"end":{"line":32,"column":null}},"type":"cond-expr","locations":[{"start":{"line":27,"column":24},"end":{"line":29,"column":null}},{"start":{"line":32,"column":24},"end":{"line":32,"column":50}}]}},"s":{"0":2,"1":2,"2":2,"3":2,"4":0,"5":0,"6":0,"7":0,"8":0,"9":0,"10":0,"11":0,"12":0,"13":0,"14":0,"15":0,"16":2},"f":{"0":0,"1":0,"2":0,"3":0,"4":0,"5":0,"6":0,"7":0,"8":0,"9":0,"10":0},"b":{"0":[0,0]}}
,"/srv/src/js/customize.tsx": {"path":"/srv/src/js/customize.tsx","statementMap":{"0":{"start":{"line":1,"column":0},"end":{"line":1,"column":30}},"1":{"start":{"line":2,"column":0},"end":{"line":2,"column":37}},"2":{"start":{"line":4,"column":0},"end":{"line":4,"column":44}},"3":{"start":{"line":5,"column":0},"end":{"line":5,"column":44}},"4":{"start":{"line":19,"column":8},"end":{"line":19,"column":null}},"5":{"start":{"line":21,"column":8},"end":{"line":21,"column":null}},"6":{"start":{"line":26,"column":22},"end":{"line":26,"column":38}},"7":{"start":{"line":28,"column":8},"end":{"line":30,"column":null}},"8":{"start":{"line":29,"column":47},"end":{"line":29,"column":68}},"9":{"start":{"line":34,"column":8},"end":{"line":34,"column":null}},"10":{"start":{"line":38,"column":0},"end":{"line":38,"column":null}}},"fnMap":{"0":{"name":"(anonymous_7)","decl":{"start":{"line":18,"column":4},"end":{"line":18,"column":16}},"loc":{"start":{"line":18,"column":28},"end":{"line":22,"column":5}}},"1":{"name":"(anonymous_8)","decl":{"start":{"line":24,"column":4},"end":{"line":24,"column":10}},"loc":{"start":{"line":24,"column":10},"end":{"line":31,"column":5}}},"2":{"name":"(anonymous_9)","decl":{"start":{"line":29,"column":24},"end":{"line":29,"column":25}},"loc":{"start":{"line":29,"column":47},"end":{"line":29,"column":68}}},"3":{"name":"(anonymous_10)","decl":{"start":{"line":33,"column":4},"end":{"line":33,"column":14}},"loc":{"start":{"line":33,"column":33},"end":{"line":35,"column":5}}}},"branchMap":{},"s":{"0":2,"1":2,"2":2,"3":2,"4":0,"5":0,"6":0,"7":0,"8":0,"9":0,"10":2},"f":{"0":0,"1":0,"2":0,"3":0},"b":{}}
,"/srv/src/js/dialog.tsx": {"path":"/srv/src/js/dialog.tsx","statementMap":{"0":{"start":{"line":1,"column":0},"end":{"line":1,"column":30}},"1":{"start":{"line":2,"column":0},"end":{"line":2,"column":37}},"2":{"start":{"line":4,"column":0},"end":{"line":4,"column":79}},"3":{"start":{"line":5,"column":0},"end":{"line":5,"column":44}},"4":{"start":{"line":6,"column":0},"end":{"line":6,"column":35}},"5":{"start":{"line":20,"column":8},"end":{"line":20,"column":null}},"6":{"start":{"line":22,"column":8},"end":{"line":22,"column":null}},"7":{"start":{"line":27,"column":8},"end":{"line":49,"column":null}},"8":{"start":{"line":28,"column":108},"end":{"line":28,"column":133}},"9":{"start":{"line":29,"column":113},"end":{"line":29,"column":138}},"10":{"start":{"line":53,"column":8},"end":{"line":53,"column":null}},"11":{"start":{"line":57,"column":8},"end":{"line":59,"column":null}},"12":{"start":{"line":58,"column":12},"end":{"line":58,"column":null}},"13":{"start":{"line":61,"column":8},"end":{"line":61,"column":null}},"14":{"start":{"line":65,"column":8},"end":{"line":65,"column":null}},"15":{"start":{"line":69,"column":8},"end":{"line":69,"column":null}},"16":{"start":{"line":73,"column":8},"end":{"line":73,"column":null}},"17":{"start":{"line":76,"column":38},"end":{"line":78,"column":5}},"18":{"start":{"line":77,"column":8},"end":{"line":77,"column":null}},"19":{"start":{"line":80,"column":37},"end":{"line":82,"column":5}},"20":{"start":{"line":81,"column":8},"end":{"line":81,"column":null}},"21":{"start":{"line":84,"column":40},"end":{"line":86,"column":5}},"22":{"start":{"line":85,"column":8},"end":{"line":85,"column":null}},"23":{"start":{"line":16,"column":0},"end":{"line":16,"column":13}},"24":{"start":{"line":89,"column":0},"end":{"line":89,"column":null}}},"fnMap":{"0":{"name":"(anonymous_7)","decl":{"start":{"line":19,"column":4},"end":{"line":19,"column":16}},"loc":{"start":{"line":19,"column":28},"end":{"line":23,"column":5}}},"1":{"name":"(anonymous_8)","decl":{"start":{"line":25,"column":4},"end":{"line":25,"column":10}},"loc":{"start":{"line":25,"column":10},"end":{"line":50,"column":5}}},"2":{"name":"(anonymous_9)","decl":{"start":{"line":28,"column":102},"end":{"line":28,"column":105}},"loc":{"start":{"line":28,"column":108},"end":{"line":28,"column":133}}},"3":{"name":"(anonymous_10)","decl":{"start":{"line":29,"column":107},"end":{"line":29,"column":110}},"loc":{"start":{"line":29,"column":113},"end":{"line":29,"column":138}}},"4":{"name":"(anonymous_11)","decl":{"start":{"line":52,"column":4},"end":{"line":52,"column":21}},"loc":{"start":{"line":52,"column":21},"end":{"line":54,"column":5}}},"5":{"name":"(anonymous_12)","decl":{"start":{"line":56,"column":4},"end":{"line":56,"column":19}},"loc":{"start":{"line":56,"column":19},"end":{"line":62,"column":5}}},"6":{"name":"(anonymous_13)","decl":{"start":{"line":64,"column":4},"end":{"line":64,"column":25}},"loc":{"start":{"line":64,"column":25},"end":{"line":66,"column":5}}},"7":{"name":"(anonymous_14)","decl":{"start":{"line":68,"column":4},"end":{"line":68,"column":26}},"loc":{"start":{"line":68,"column":26},"end":{"line":70,"column":5}}},"8":{"name":"(anonymous_15)","decl":{"start":{"line":72,"column":4},"end":{"line":72,"column":25}},"loc":{"start":{"line":72,"column":25},"end":{"line":74,"column":5}}},"9":{"name":"(anonymous_16)","decl":{"start":{"line":76,"column":38},"end":{"line":76,"column":47}},"loc":{"start":{"line":76,"column":49},"end":{"line":78,"column":5}}},"10":{"name":"(anonymous_17)","decl":{"start":{"line":80,"column":37},"end":{"line":80,"column":46}},"loc":{"start":{"line":80,"column":48},"end":{"line":82,"column":5}}},"11":{"name":"(anonymous_18)","decl":{"start":{"line":84,"column":40},"end":{"line":84,"column":49}},"loc":{"start":{"line":84,"column":51},"end":{"line":86,"column":5}}}},"branchMap":{"0":{"loc":{"start":{"line":28,"column":71},"end":{"line":28,"column":145}},"type":"cond-expr","locations":[{"start":{"line":28,"column":102},"end":{"line":28,"column":133}},{"start":{"line":28,"column":136},"end":{"line":28,"column":145}}]},"1":{"loc":{"start":{"line":29,"column":76},"end":{"line":29,"column":150}},"type":"cond-expr","locations":[{"start":{"line":29,"column":107},"end":{"line":29,"column":138}},{"start":{"line":29,"column":141},"end":{"line":29,"column":150}}]},"2":{"loc":{"start":{"line":42,"column":22},"end":{"line":45,"column":null}},"type":"binary-expr","locations":[{"start":{"line":42,"column":22},"end":{"line":42,"column":47}},{"start":{"line":43,"column":24},"end":{"line":44,"column":null}}]},"3":{"loc":{"start":{"line":57,"column":8},"end":{"line":59,"column":null}},"type":"if","locations":[{"start":{"line":57,"column":8},"end":{"line":59,"column":null}}]}},"s":{"0":2,"1":2,"2":2,"3":2,"4":2,"5":0,"6":0,"7":0,"8":0,"9":0,"10":0,"11":0,"12":0,"13":0,"14":0,"15":0,"16":0,"17":0,"18":0,"19":0,"20":0,"21":0,"22":0,"23":2,"24":2},"f":{"0":0,"1":0,"2":0,"3":0,"4":0,"5":0,"6":0,"7":0,"8":0,"9":0,"10":0,"11":0},"b":{"0":[0,0],"1":[0,0],"2":[0,0],"3":[0]}}
,"/srv/src/js/index.ts": {"path":"/srv/src/js/index.ts","statementMap":{"0":{"start":{"line":1,"column":0},"end":{"line":1,"column":9}},"1":{"start":{"line":20,"column":4},"end":{"line":1,"column":66}},"2":{"start":{"line":2,"column":0},"end":{"line":2,"column":44}},"3":{"start":{"line":25,"column":4},"end":{"line":2,"column":87}},"4":{"start":{"line":3,"column":0},"end":{"line":3,"column":7}},"5":{"start":{"line":16,"column":4},"end":{"line":3,"column":55}},"6":{"start":{"line":4,"column":0},"end":{"line":4,"column":9}},"7":{"start":{"line":18,"column":4},"end":{"line":4,"column":60}},"8":{"start":{"line":5,"column":0},"end":{"line":5,"column":7}},"9":{"start":{"line":10,"column":4},"end":{"line":5,"column":65}},"10":{"start":{"line":6,"column":0},"end":{"line":6,"column":7}},"11":{"start":{"line":12,"column":4},"end":{"line":6,"column":78}},"12":{"start":{"line":7,"column":0},"end":{"line":7,"column":7}},"13":{"start":{"line":14,"column":4},"end":{"line":7,"column":87}}},"fnMap":{"0":{"name":"(anonymous_1)","decl":{"start":{"line":20,"column":4},"end":{"line":20,"column":9}},"loc":{"start":{"line":20,"column":4},"end":{"line":1,"column":66}}},"1":{"name":"(anonymous_2)","decl":{"start":{"line":25,"column":4},"end":{"line":25,"column":11}},"loc":{"start":{"line":25,"column":4},"end":{"line":2,"column":87}}},"2":{"name":"(anonymous_3)","decl":{"start":{"line":18,"column":4},"end":{"line":18,"column":12}},"loc":{"start":{"line":18,"column":4},"end":{"line":4,"column":60}}}},"branchMap":{},"s":{"0":2,"1":6,"2":2,"3":6,"4":2,"5":2,"6":2,"7":2,"8":2,"9":2,"10":2,"11":2,"12":2,"13":2},"f":{"0":4,"1":4,"2":0},"b":{}}
,"/srv/src/js/launcher.tsx": {"path":"/srv/src/js/launcher.tsx","statementMap":{"0":{"start":{"line":1,"column":0},"end":{"line":1,"column":30}},"1":{"start":{"line":2,"column":0},"end":{"line":2,"column":37}},"2":{"start":{"line":4,"column":0},"end":{"line":4,"column":44}},"3":{"start":{"line":19,"column":8},"end":{"line":19,"column":null}},"4":{"start":{"line":21,"column":8},"end":{"line":21,"column":null}},"5":{"start":{"line":25,"column":8},"end":{"line":27,"column":null}},"6":{"start":{"line":26,"column":12},"end":{"line":26,"column":null}},"7":{"start":{"line":29,"column":8},"end":{"line":36,"column":null}},"8":{"start":{"line":32,"column":31},"end":{"line":32,"column":56}},"9":{"start":{"line":40,"column":8},"end":{"line":40,"column":null}},"10":{"start":{"line":15,"column":0},"end":{"line":15,"column":13}},"11":{"start":{"line":44,"column":0},"end":{"line":44,"column":null}}},"fnMap":{"0":{"name":"(anonymous_6)","decl":{"start":{"line":18,"column":4},"end":{"line":18,"column":16}},"loc":{"start":{"line":18,"column":28},"end":{"line":22,"column":5}}},"1":{"name":"(anonymous_7)","decl":{"start":{"line":24,"column":4},"end":{"line":24,"column":10}},"loc":{"start":{"line":24,"column":10},"end":{"line":37,"column":5}}},"2":{"name":"(anonymous_8)","decl":{"start":{"line":32,"column":25},"end":{"line":32,"column":28}},"loc":{"start":{"line":32,"column":31},"end":{"line":32,"column":56}}},"3":{"name":"(anonymous_9)","decl":{"start":{"line":39,"column":4},"end":{"line":39,"column":17}},"loc":{"start":{"line":39,"column":17},"end":{"line":41,"column":5}}}},"branchMap":{"0":{"loc":{"start":{"line":25,"column":8},"end":{"line":27,"column":null}},"type":"if","locations":[{"start":{"line":25,"column":8},"end":{"line":27,"column":null}}]},"1":{"loc":{"start":{"line":25,"column":12},"end":{"line":25,"column":68}},"type":"binary-expr","locations":[{"start":{"line":25,"column":12},"end":{"line":25,"column":35}},{"start":{"line":25,"column":39},"end":{"line":25,"column":68}}]},"2":{"loc":{"start":{"line":31,"column":28},"end":{"line":31,"column":72}},"type":"binary-expr","locations":[{"start":{"line":31,"column":28},"end":{"line":31,"column":48}},{"start":{"line":31,"column":52},"end":{"line":31,"column":72}}]}},"s":{"0":2,"1":2,"2":2,"3":0,"4":0,"5":0,"6":0,"7":0,"8":0,"9":0,"10":2,"11":2},"f":{"0":0,"1":0,"2":0,"3":0},"b":{"0":[0],"1":[0,0],"2":[0,0]}}
,"/srv/src/js/service.ts": {"path":"/srv/src/js/service.ts","statementMap":{"0":{"start":{"line":1,"column":0},"end":{"line":1,"column":57}},"1":{"start":{"line":23,"column":38},"end":{"line":23,"column":47}},"2":{"start":{"line":27,"column":8},"end":{"line":32,"column":null}},"3":{"start":{"line":34,"column":8},"end":{"line":34,"column":null}},"4":{"start":{"line":38,"column":8},"end":{"line":38,"column":null}},"5":{"start":{"line":42,"column":8},"end":{"line":42,"column":null}},"6":{"start":{"line":46,"column":8},"end":{"line":46,"column":null}},"7":{"start":{"line":50,"column":8},"end":{"line":50,"column":null}},"8":{"start":{"line":54,"column":8},"end":{"line":54,"column":null}},"9":{"start":{"line":58,"column":8},"end":{"line":64,"column":null}},"10":{"start":{"line":68,"column":8},"end":{"line":70,"column":null}},"11":{"start":{"line":69,"column":12},"end":{"line":69,"column":18}},"12":{"start":{"line":72,"column":8},"end":{"line":72,"column":null}},"13":{"start":{"line":74,"column":8},"end":{"line":76,"column":null}},"14":{"start":{"line":75,"column":12},"end":{"line":75,"column":null}},"15":{"start":{"line":80,"column":8},"end":{"line":82,"column":null}},"16":{"start":{"line":81,"column":12},"end":{"line":81,"column":18}},"17":{"start":{"line":84,"column":8},"end":{"line":84,"column":null}},"18":{"start":{"line":86,"column":8},"end":{"line":88,"column":null}},"19":{"start":{"line":87,"column":12},"end":{"line":87,"column":null}},"20":{"start":{"line":22,"column":0},"end":{"line":22,"column":13}}},"fnMap":{"0":{"name":"(anonymous_0)","decl":{"start":{"line":26,"column":4},"end":{"line":26,"column":16}},"loc":{"start":{"line":26,"column":39},"end":{"line":35,"column":5}}},"1":{"name":"(anonymous_1)","decl":{"start":{"line":37,"column":4},"end":{"line":37,"column":15}},"loc":{"start":{"line":37,"column":17},"end":{"line":39,"column":5}}},"2":{"name":"(anonymous_2)","decl":{"start":{"line":41,"column":4},"end":{"line":41,"column":15}},"loc":{"start":{"line":41,"column":26},"end":{"line":43,"column":5}}},"3":{"name":"(anonymous_3)","decl":{"start":{"line":45,"column":4},"end":{"line":45,"column":15}},"loc":{"start":{"line":45,"column":19},"end":{"line":47,"column":5}}},"4":{"name":"(anonymous_4)","decl":{"start":{"line":49,"column":4},"end":{"line":49,"column":15}},"loc":{"start":{"line":49,"column":19},"end":{"line":51,"column":5}}},"5":{"name":"(anonymous_5)","decl":{"start":{"line":53,"column":4},"end":{"line":53,"column":15}},"loc":{"start":{"line":53,"column":22},"end":{"line":55,"column":5}}},"6":{"name":"(anonymous_6)","decl":{"start":{"line":57,"column":4},"end":{"line":57,"column":15}},"loc":{"start":{"line":57,"column":25},"end":{"line":65,"column":5}}},"7":{"name":"(anonymous_7)","decl":{"start":{"line":67,"column":11},"end":{"line":67,"column":17}},"loc":{"start":{"line":67,"column":17},"end":{"line":77,"column":5}}},"8":{"name":"(anonymous_8)","decl":{"start":{"line":79,"column":11},"end":{"line":79,"column":18}},"loc":{"start":{"line":79,"column":18},"end":{"line":89,"column":5}}}},"branchMap":{"0":{"loc":{"start":{"line":46,"column":15},"end":{"line":46,"column":46}},"type":"binary-expr","locations":[{"start":{"line":46,"column":15},"end":{"line":46,"column":33}},{"start":{"line":46,"column":37},"end":{"line":46,"column":46}}]},"1":{"loc":{"start":{"line":50,"column":15},"end":{"line":50,"column":92}},"type":"cond-expr","locations":[{"start":{"line":50,"column":50},"end":{"line":50,"column":68}},{"start":{"line":50,"column":71},"end":{"line":50,"column":92}}]},"2":{"loc":{"start":{"line":54,"column":15},"end":{"line":54,"column":65}},"type":"cond-expr","locations":[{"start":{"line":54,"column":39},"end":{"line":54,"column":60}},{"start":{"line":54,"column":63},"end":{"line":54,"column":65}}]},"3":{"loc":{"start":{"line":68,"column":8},"end":{"line":70,"column":null}},"type":"if","locations":[{"start":{"line":68,"column":8},"end":{"line":70,"column":null}}]},"4":{"loc":{"start":{"line":74,"column":8},"end":{"line":76,"column":null}},"type":"if","locations":[{"start":{"line":74,"column":8},"end":{"line":76,"column":null}}]},"5":{"loc":{"start":{"line":80,"column":8},"end":{"line":82,"column":null}},"type":"if","locations":[{"start":{"line":80,"column":8},"end":{"line":82,"column":null}}]},"6":{"loc":{"start":{"line":86,"column":8},"end":{"line":88,"column":null}},"type":"if","locations":[{"start":{"line":86,"column":8},"end":{"line":88,"column":null}}]}},"s":{"0":2,"1":15,"2":15,"3":15,"4":79,"5":96,"6":74,"7":5,"8":5,"9":2,"10":17,"11":3,"12":14,"13":14,"14":14,"15":10,"16":1,"17":9,"18":9,"19":9,"20":2},"f":{"0":15,"1":79,"2":96,"3":74,"4":5,"5":5,"6":2,"7":17,"8":10},"b":{"0":[74,23],"1":[2,3],"2":[4,1],"3":[3],"4":[14],"5":[1],"6":[9]}}
,"/srv/src/js/store.ts": {"path":"/srv/src/js/store.ts","statementMap":{"0":{"start":{"line":1,"column":0},"end":{"line":1,"column":67}},"1":{"start":{"line":2,"column":0},"end":{"line":2,"column":60}},"2":{"start":{"line":3,"column":0},"end":{"line":3,"column":30}},"3":{"start":{"line":4,"column":0},"end":{"line":4,"column":89}},"4":{"start":{"line":38,"column":33},"end":{"line":38,"column":35}},"5":{"start":{"line":39,"column":43},"end":{"line":39,"column":52}},"6":{"start":{"line":40,"column":44},"end":{"line":40,"column":53}},"7":{"start":{"line":41,"column":37},"end":{"line":41,"column":42}},"8":{"start":{"line":42,"column":34},"end":{"line":42,"column":39}},"9":{"start":{"line":43,"column":37},"end":{"line":43,"column":39}},"10":{"start":{"line":48,"column":8},"end":{"line":71,"column":null}},"11":{"start":{"line":73,"column":8},"end":{"line":84,"column":null}},"12":{"start":{"line":86,"column":8},"end":{"line":86,"column":null}},"13":{"start":{"line":90,"column":8},"end":{"line":90,"column":null}},"14":{"start":{"line":92,"column":8},"end":{"line":92,"column":null}},"15":{"start":{"line":96,"column":8},"end":{"line":100,"column":null}},"16":{"start":{"line":97,"column":12},"end":{"line":99,"column":null}},"17":{"start":{"line":98,"column":16},"end":{"line":98,"column":null}},"18":{"start":{"line":102,"column":8},"end":{"line":102,"column":null}},"19":{"start":{"line":106,"column":8},"end":{"line":110,"column":null}},"20":{"start":{"line":107,"column":12},"end":{"line":109,"column":null}},"21":{"start":{"line":108,"column":16},"end":{"line":108,"column":null}},"22":{"start":{"line":112,"column":8},"end":{"line":112,"column":null}},"23":{"start":{"line":117,"column":8},"end":{"line":117,"column":null}},"24":{"start":{"line":119,"column":8},"end":{"line":121,"column":null}},"25":{"start":{"line":120,"column":12},"end":{"line":120,"column":null}},"26":{"start":{"line":125,"column":8},"end":{"line":125,"column":null}},"27":{"start":{"line":126,"column":8},"end":{"line":126,"column":null}},"28":{"start":{"line":130,"column":22},"end":{"line":130,"column":54}},"29":{"start":{"line":131,"column":8},"end":{"line":135,"column":null}},"30":{"start":{"line":132,"column":12},"end":{"line":132,"column":null}},"31":{"start":{"line":134,"column":12},"end":{"line":134,"column":null}},"32":{"start":{"line":139,"column":51},"end":{"line":139,"column":53}},"33":{"start":{"line":141,"column":8},"end":{"line":160,"column":null}},"34":{"start":{"line":142,"column":24},"end":{"line":142,"column":39}},"35":{"start":{"line":143,"column":12},"end":{"line":159,"column":null}},"36":{"start":{"line":144,"column":16},"end":{"line":150,"column":null}},"37":{"start":{"line":152,"column":16},"end":{"line":154,"column":null}},"38":{"start":{"line":153,"column":20},"end":{"line":153,"column":null}},"39":{"start":{"line":155,"column":16},"end":{"line":157,"column":null}},"40":{"start":{"line":156,"column":20},"end":{"line":156,"column":null}},"41":{"start":{"line":158,"column":16},"end":{"line":158,"column":null}},"42":{"start":{"line":162,"column":8},"end":{"line":162,"column":null}},"43":{"start":{"line":166,"column":24},"end":{"line":166,"column":52}},"44":{"start":{"line":168,"column":8},"end":{"line":170,"column":null}},"45":{"start":{"line":169,"column":12},"end":{"line":169,"column":null}},"46":{"start":{"line":172,"column":24},"end":{"line":172,"column":44}},"47":{"start":{"line":174,"column":8},"end":{"line":178,"column":null}},"48":{"start":{"line":175,"column":12},"end":{"line":175,"column":null}},"49":{"start":{"line":176,"column":15},"end":{"line":178,"column":null}},"50":{"start":{"line":177,"column":12},"end":{"line":177,"column":null}},"51":{"start":{"line":180,"column":8},"end":{"line":180,"column":null}},"52":{"start":{"line":182,"column":8},"end":{"line":182,"column":null}},"53":{"start":{"line":186,"column":8},"end":{"line":186,"column":null}},"54":{"start":{"line":190,"column":24},"end":{"line":190,"column":44}},"55":{"start":{"line":192,"column":8},"end":{"line":194,"column":null}},"56":{"start":{"line":193,"column":12},"end":{"line":193,"column":null}},"57":{"start":{"line":198,"column":24},"end":{"line":198,"column":44}},"58":{"start":{"line":200,"column":8},"end":{"line":202,"column":null}},"59":{"start":{"line":201,"column":12},"end":{"line":201,"column":null}},"60":{"start":{"line":206,"column":8},"end":{"line":210,"column":null}},"61":{"start":{"line":207,"column":12},"end":{"line":209,"column":null}},"62":{"start":{"line":208,"column":16},"end":{"line":208,"column":null}},"63":{"start":{"line":214,"column":8},"end":{"line":218,"column":null}},"64":{"start":{"line":215,"column":12},"end":{"line":217,"column":null}},"65":{"start":{"line":216,"column":16},"end":{"line":216,"column":null}},"66":{"start":{"line":222,"column":8},"end":{"line":224,"column":null}},"67":{"start":{"line":223,"column":12},"end":{"line":223,"column":null}},"68":{"start":{"line":226,"column":8},"end":{"line":226,"column":null}},"69":{"start":{"line":228,"column":8},"end":{"line":228,"column":null}},"70":{"start":{"line":230,"column":8},"end":{"line":230,"column":null}},"71":{"start":{"line":234,"column":8},"end":{"line":238,"column":null}},"72":{"start":{"line":235,"column":12},"end":{"line":237,"column":null}},"73":{"start":{"line":236,"column":16},"end":{"line":236,"column":null}},"74":{"start":{"line":240,"column":8},"end":{"line":240,"column":null}},"75":{"start":{"line":242,"column":8},"end":{"line":242,"column":null}},"76":{"start":{"line":244,"column":8},"end":{"line":244,"column":null}},"77":{"start":{"line":248,"column":35},"end":{"line":248,"column":37}},"78":{"start":{"line":250,"column":8},"end":{"line":254,"column":null}},"79":{"start":{"line":251,"column":12},"end":{"line":253,"column":null}},"80":{"start":{"line":252,"column":16},"end":{"line":252,"column":null}},"81":{"start":{"line":256,"column":8},"end":{"line":256,"column":null}},"82":{"start":{"line":260,"column":23},"end":{"line":260,"column":67}},"83":{"start":{"line":262,"column":8},"end":{"line":265,"column":null}},"84":{"start":{"line":263,"column":12},"end":{"line":263,"column":null}},"85":{"start":{"line":264,"column":12},"end":{"line":264,"column":18}},"86":{"start":{"line":267,"column":8},"end":{"line":267,"column":null}},"87":{"start":{"line":269,"column":8},"end":{"line":274,"column":null}},"88":{"start":{"line":270,"column":28},"end":{"line":270,"column":48}},"89":{"start":{"line":271,"column":12},"end":{"line":273,"column":null}},"90":{"start":{"line":272,"column":16},"end":{"line":272,"column":null}},"91":{"start":{"line":278,"column":8},"end":{"line":278,"column":null}},"92":{"start":{"line":278,"column":53},"end":{"line":278,"column":66}},"93":{"start":{"line":282,"column":8},"end":{"line":286,"column":null}},"94":{"start":{"line":283,"column":12},"end":{"line":285,"column":null}},"95":{"start":{"line":284,"column":16},"end":{"line":284,"column":null}},"96":{"start":{"line":290,"column":42},"end":{"line":295,"column":null}},"97":{"start":{"line":297,"column":8},"end":{"line":297,"column":null}},"98":{"start":{"line":299,"column":8},"end":{"line":299,"column":null}},"99":{"start":{"line":303,"column":21},"end":{"line":306,"column":10}},"100":{"start":{"line":308,"column":8},"end":{"line":308,"column":null}},"101":{"start":{"line":312,"column":8},"end":{"line":315,"column":null}},"102":{"start":{"line":313,"column":12},"end":{"line":313,"column":null}},"103":{"start":{"line":314,"column":12},"end":{"line":314,"column":null}},"104":{"start":{"line":37,"column":0},"end":{"line":37,"column":13}}},"fnMap":{"0":{"name":"(anonymous_1)","decl":{"start":{"line":47,"column":4},"end":{"line":47,"column":16}},"loc":{"start":{"line":47,"column":62},"end":{"line":87,"column":5}}},"1":{"name":"(anonymous_2)","decl":{"start":{"line":89,"column":11},"end":{"line":89,"column":21}},"loc":{"start":{"line":89,"column":21},"end":{"line":93,"column":5}}},"2":{"name":"(anonymous_3)","decl":{"start":{"line":95,"column":4},"end":{"line":95,"column":15}},"loc":{"start":{"line":95,"column":26},"end":{"line":103,"column":5}}},"3":{"name":"(anonymous_4)","decl":{"start":{"line":105,"column":4},"end":{"line":105,"column":15}},"loc":{"start":{"line":105,"column":27},"end":{"line":113,"column":5}}},"4":{"name":"(anonymous_5)","decl":{"start":{"line":115,"column":11},"end":{"line":115,"column":23}},"loc":{"start":{"line":115,"column":23},"end":{"line":122,"column":5}}},"5":{"name":"(anonymous_6)","decl":{"start":{"line":124,"column":11},"end":{"line":124,"column":26}},"loc":{"start":{"line":124,"column":26},"end":{"line":127,"column":5}}},"6":{"name":"(anonymous_7)","decl":{"start":{"line":129,"column":11},"end":{"line":129,"column":21}},"loc":{"start":{"line":129,"column":34},"end":{"line":136,"column":5}}},"7":{"name":"(anonymous_8)","decl":{"start":{"line":138,"column":4},"end":{"line":138,"column":15}},"loc":{"start":{"line":138,"column":20},"end":{"line":163,"column":5}}},"8":{"name":"(anonymous_9)","decl":{"start":{"line":165,"column":11},"end":{"line":165,"column":21}},"loc":{"start":{"line":165,"column":46},"end":{"line":183,"column":5}}},"9":{"name":"(anonymous_10)","decl":{"start":{"line":185,"column":4},"end":{"line":185,"column":15}},"loc":{"start":{"line":185,"column":29},"end":{"line":187,"column":5}}},"10":{"name":"(anonymous_11)","decl":{"start":{"line":189,"column":11},"end":{"line":189,"column":17}},"loc":{"start":{"line":189,"column":28},"end":{"line":195,"column":5}}},"11":{"name":"(anonymous_12)","decl":{"start":{"line":197,"column":11},"end":{"line":197,"column":18}},"loc":{"start":{"line":197,"column":29},"end":{"line":203,"column":5}}},"12":{"name":"(anonymous_13)","decl":{"start":{"line":205,"column":11},"end":{"line":205,"column":21}},"loc":{"start":{"line":205,"column":34},"end":{"line":211,"column":5}}},"13":{"name":"(anonymous_14)","decl":{"start":{"line":213,"column":11},"end":{"line":213,"column":22}},"loc":{"start":{"line":213,"column":35},"end":{"line":219,"column":5}}},"14":{"name":"(anonymous_15)","decl":{"start":{"line":221,"column":11},"end":{"line":221,"column":20}},"loc":{"start":{"line":221,"column":20},"end":{"line":231,"column":5}}},"15":{"name":"(anonymous_16)","decl":{"start":{"line":233,"column":11},"end":{"line":233,"column":21}},"loc":{"start":{"line":233,"column":21},"end":{"line":245,"column":5}}},"16":{"name":"(anonymous_17)","decl":{"start":{"line":247,"column":4},"end":{"line":247,"column":15}},"loc":{"start":{"line":247,"column":23},"end":{"line":257,"column":5}}},"17":{"name":"(anonymous_18)","decl":{"start":{"line":259,"column":14},"end":{"line":259,"column":33}},"loc":{"start":{"line":259,"column":33},"end":{"line":275,"column":5}}},"18":{"name":"(anonymous_19)","decl":{"start":{"line":277,"column":4},"end":{"line":277,"column":15}},"loc":{"start":{"line":277,"column":36},"end":{"line":279,"column":5}}},"19":{"name":"(anonymous_20)","decl":{"start":{"line":278,"column":37},"end":{"line":278,"column":38}},"loc":{"start":{"line":278,"column":53},"end":{"line":278,"column":66}}},"20":{"name":"(anonymous_21)","decl":{"start":{"line":281,"column":14},"end":{"line":281,"column":25}},"loc":{"start":{"line":281,"column":37},"end":{"line":287,"column":5}}},"21":{"name":"(anonymous_22)","decl":{"start":{"line":289,"column":14},"end":{"line":289,"column":34}},"loc":{"start":{"line":289,"column":34},"end":{"line":300,"column":5}}},"22":{"name":"(anonymous_23)","decl":{"start":{"line":302,"column":4},"end":{"line":302,"column":13}},"loc":{"start":{"line":302,"column":13},"end":{"line":309,"column":5}}},"23":{"name":"(anonymous_24)","decl":{"start":{"line":311,"column":4},"end":{"line":311,"column":15}},"loc":{"start":{"line":311,"column":38},"end":{"line":316,"column":5}}},"24":{"name":"(anonymous_25)","decl":{"start":{"line":312,"column":15},"end":{"line":312,"column":18}},"loc":{"start":{"line":312,"column":20},"end":{"line":315,"column":9}}}},"branchMap":{"0":{"loc":{"start":{"line":92,"column":30},"end":{"line":92,"column":86}},"type":"binary-expr","locations":[{"start":{"line":92,"column":30},"end":{"line":92,"column":52}},{"start":{"line":92,"column":56},"end":{"line":92,"column":86}}]},"1":{"loc":{"start":{"line":97,"column":12},"end":{"line":99,"column":null}},"type":"if","locations":[{"start":{"line":97,"column":12},"end":{"line":99,"column":null}}]},"2":{"loc":{"start":{"line":107,"column":12},"end":{"line":109,"column":null}},"type":"if","locations":[{"start":{"line":107,"column":12},"end":{"line":109,"column":null}}]},"3":{"loc":{"start":{"line":107,"column":16},"end":{"line":107,"column":62}},"type":"binary-expr","locations":[{"start":{"line":107,"column":16},"end":{"line":107,"column":39}},{"start":{"line":107,"column":43},"end":{"line":107,"column":62}}]},"4":{"loc":{"start":{"line":119,"column":8},"end":{"line":121,"column":null}},"type":"if","locations":[{"start":{"line":119,"column":8},"end":{"line":121,"column":null}}]},"5":{"loc":{"start":{"line":119,"column":12},"end":{"line":119,"column":92}},"type":"binary-expr","locations":[{"start":{"line":119,"column":12},"end":{"line":119,"column":32}},{"start":{"line":119,"column":36},"end":{"line":119,"column":58}},{"start":{"line":119,"column":62},"end":{"line":119,"column":92}}]},"6":{"loc":{"start":{"line":131,"column":8},"end":{"line":135,"column":null}},"type":"if","locations":[{"start":{"line":131,"column":8},"end":{"line":135,"column":null}},{"start":{"line":133,"column":15},"end":{"line":135,"column":null}}]},"7":{"loc":{"start":{"line":143,"column":12},"end":{"line":159,"column":null}},"type":"if","locations":[{"start":{"line":143,"column":12},"end":{"line":159,"column":null}},{"start":{"line":151,"column":19},"end":{"line":159,"column":null}}]},"8":{"loc":{"start":{"line":152,"column":16},"end":{"line":154,"column":null}},"type":"if","locations":[{"start":{"line":152,"column":16},"end":{"line":154,"column":null}}]},"9":{"loc":{"start":{"line":155,"column":16},"end":{"line":157,"column":null}},"type":"if","locations":[{"start":{"line":155,"column":16},"end":{"line":157,"column":null}}]},"10":{"loc":{"start":{"line":168,"column":8},"end":{"line":170,"column":null}},"type":"if","locations":[{"start":{"line":168,"column":8},"end":{"line":170,"column":null}}]},"11":{"loc":{"start":{"line":174,"column":8},"end":{"line":178,"column":null}},"type":"if","locations":[{"start":{"line":174,"column":8},"end":{"line":178,"column":null}},{"start":{"line":176,"column":15},"end":{"line":178,"column":null}}]},"12":{"loc":{"start":{"line":174,"column":12},"end":{"line":174,"column":63}},"type":"binary-expr","locations":[{"start":{"line":174,"column":12},"end":{"line":174,"column":39}},{"start":{"line":174,"column":43},"end":{"line":174,"column":63}}]},"13":{"loc":{"start":{"line":176,"column":15},"end":{"line":178,"column":null}},"type":"if","locations":[{"start":{"line":176,"column":15},"end":{"line":178,"column":null}}]},"14":{"loc":{"start":{"line":192,"column":8},"end":{"line":194,"column":null}},"type":"if","locations":[{"start":{"line":192,"column":8},"end":{"line":194,"column":null}}]},"15":{"loc":{"start":{"line":200,"column":8},"end":{"line":202,"column":null}},"type":"if","locations":[{"start":{"line":200,"column":8},"end":{"line":202,"column":null}}]},"16":{"loc":{"start":{"line":200,"column":12},"end":{"line":200,"column":42}},"type":"binary-expr","locations":[{"start":{"line":200,"column":12},"end":{"line":200,"column":19}},{"start":{"line":200,"column":23},"end":{"line":200,"column":42}}]},"17":{"loc":{"start":{"line":207,"column":12},"end":{"line":209,"column":null}},"type":"if","locations":[{"start":{"line":207,"column":12},"end":{"line":209,"column":null}}]},"18":{"loc":{"start":{"line":215,"column":12},"end":{"line":217,"column":null}},"type":"if","locations":[{"start":{"line":215,"column":12},"end":{"line":217,"column":null}}]},"19":{"loc":{"start":{"line":215,"column":16},"end":{"line":215,"column":59}},"type":"binary-expr","locations":[{"start":{"line":215,"column":16},"end":{"line":215,"column":36}},{"start":{"line":215,"column":40},"end":{"line":215,"column":59}}]},"20":{"loc":{"start":{"line":235,"column":12},"end":{"line":237,"column":null}},"type":"if","locations":[{"start":{"line":235,"column":12},"end":{"line":237,"column":null}}]},"21":{"loc":{"start":{"line":251,"column":12},"end":{"line":253,"column":null}},"type":"if","locations":[{"start":{"line":251,"column":12},"end":{"line":253,"column":null}}]},"22":{"loc":{"start":{"line":262,"column":8},"end":{"line":265,"column":null}},"type":"if","locations":[{"start":{"line":262,"column":8},"end":{"line":265,"column":null}}]},"23":{"loc":{"start":{"line":271,"column":12},"end":{"line":273,"column":null}},"type":"if","locations":[{"start":{"line":271,"column":12},"end":{"line":273,"column":null}}]},"24":{"loc":{"start":{"line":283,"column":12},"end":{"line":285,"column":null}},"type":"if","locations":[{"start":{"line":283,"column":12},"end":{"line":285,"column":null}}]}},"s":{"0":2,"1":2,"2":2,"3":2,"4":4,"5":4,"6":4,"7":4,"8":4,"9":4,"10":4,"11":4,"12":4,"13":3,"14":3,"15":3,"16":8,"17":2,"18":1,"19":3,"20":9,"21":2,"22":1,"23":1,"24":1,"25":1,"26":1,"27":1,"28":3,"29":3,"30":1,"31":2,"32":10,"33":10,"34":55,"35":55,"36":30,"37":25,"38":4,"39":25,"40":25,"41":25,"42":10,"43":12,"44":12,"45":1,"46":11,"47":11,"48":2,"49":9,"50":1,"51":11,"52":11,"53":1,"54":3,"55":3,"56":3,"57":2,"58":2,"59":1,"60":1,"61":6,"62":3,"63":1,"64":6,"65":2,"66":1,"67":4,"68":1,"69":1,"70":1,"71":1,"72":4,"73":3,"74":1,"75":1,"76":1,"77":9,"78":9,"79":42,"80":21,"81":9,"82":3,"83":3,"84":2,"85":2,"86":1,"87":1,"88":2,"89":2,"90":2,"91":4,"92":13,"93":19,"94":47,"95":8,"96":2,"97":2,"98":2,"99":2,"100":2,"101":2,"102":2,"103":2,"104":2},"f":{"0":4,"1":3,"2":3,"3":3,"4":1,"5":1,"6":3,"7":10,"8":12,"9":1,"10":3,"11":2,"12":1,"13":1,"14":1,"15":1,"16":9,"17":3,"18":4,"19":13,"20":19,"21":2,"22":2,"23":2,"24":2},"b":{"0":[3,2],"1":[2],"2":[2],"3":[9,5],"4":[1],"5":[1,1,1],"6":[1,2],"7":[30,25],"8":[4],"9":[25],"10":[1],"11":[2,9],"12":[11,11],"13":[1],"14":[3],"15":[1],"16":[2,2],"17":[3],"18":[2],"19":[6,2],"20":[3],"21":[21],"22":[2],"23":[2],"24":[8]}}
}
