TN:
SF:src/js/cookies-manager.ts
FN:9,(anonymous_0)
FN:15,(anonymous_1)
FN:27,(anonymous_2)
FN:39,(anonymous_3)
FNF:4
FNH:4
FNDA:17,(anonymous_0)
FNDA:7,(anonymous_1)
FNDA:7,(anonymous_2)
FNDA:5,(anonymous_3)
DA:3,3
DA:10,17
DA:11,17
DA:12,17
DA:16,7
DA:17,3
DA:20,4
DA:21,3
DA:24,1
DA:28,7
DA:29,3
DA:32,4
DA:33,3
DA:36,1
DA:40,5
DA:41,3
DA:44,2
DA:49,3
DA:50,3
DA:51,3
LF:20
LH:20
BRDA:16,0,0,3
BRDA:20,1,0,3
BRDA:28,2,0,3
BRDA:32,3,0,3
BRDA:40,4,0,3
BRF:5
BRH:5
end_of_record
TN:
SF:src/js/customize-service.tsx
FN:30,(anonymous_6)
FN:45,(anonymous_7)
FN:54,(anonymous_8)
FNF:3
FNH:0
FNDA:0,(anonymous_6)
FNDA:0,(anonymous_7)
FNDA:0,(anonymous_8)
DA:1,3
DA:2,3
DA:4,3
DA:32,0
DA:34,0
DA:45,0
DA:54,0
DA:68,3
LF:8
LH:4
BRDA:35,0,0,0
BRDA:35,0,1,0
BRDA:36,1,0,0
BRDA:36,1,1,0
BRDA:38,2,0,0
BRDA:38,2,1,0
BRDA:41,3,0,0
BRDA:41,3,1,0
BRDA:43,4,0,0
BRDA:43,4,1,0
BRDA:44,5,0,0
BRDA:44,5,1,0
BRDA:47,6,0,0
BRDA:47,6,1,0
BRDA:50,7,0,0
BRDA:50,7,1,0
BRDA:52,8,0,0
BRDA:52,8,1,0
BRDA:53,9,0,0
BRDA:53,9,1,0
BRDA:56,10,0,0
BRDA:56,10,1,0
BRDA:60,11,0,0
BRDA:60,11,1,0
BRF:24
BRH:0
end_of_record
TN:
SF:src/js/customize-type.tsx
FN:35,(anonymous_7)
FN:47,(anonymous_8)
FN:61,(anonymous_9)
FN:70,(anonymous_10)
FN:82,(anonymous_11)
FNF:5
FNH:0
FNDA:0,(anonymous_7)
FNDA:0,(anonymous_8)
FNDA:0,(anonymous_9)
FNDA:0,(anonymous_10)
FNDA:0,(anonymous_11)
DA:1,3
DA:2,3
DA:4,3
DA:6,3
DA:37,0
DA:39,0
DA:47,0
DA:61,0
DA:70,0
DA:83,0
DA:91,3
LF:11
LH:5
BRDA:40,0,0,0
BRDA:40,0,1,0
BRDA:43,1,0,0
BRDA:43,1,1,0
BRDA:45,2,0,0
BRDA:45,2,1,0
BRDA:46,3,0,0
BRDA:46,3,1,0
BRDA:49,4,0,0
BRDA:49,4,1,0
BRDA:51,5,0,0
BRDA:51,5,1,0
BRDA:54,6,0,0
BRDA:54,6,1,0
BRDA:57,7,0,0
BRDA:57,7,1,0
BRDA:59,8,0,0
BRDA:59,8,1,0
BRDA:60,9,0,0
BRDA:60,9,1,0
BRDA:63,10,0,0
BRDA:63,10,1,0
BRDA:66,11,0,0
BRDA:66,11,1,0
BRDA:68,12,0,0
BRDA:68,12,1,0
BRDA:69,13,0,0
BRDA:69,13,1,0
BRDA:72,14,0,0
BRDA:72,14,1,0
BRDA:76,15,0,0
BRDA:76,15,1,0
BRF:32
BRH:0
end_of_record
TN:
SF:src/js/customize.tsx
FN:18,(anonymous_7)
FN:24,(anonymous_8)
FN:29,(anonymous_9)
FNF:3
FNH:0
FNDA:0,(anonymous_7)
FNDA:0,(anonymous_8)
FNDA:0,(anonymous_9)
DA:1,3
DA:2,3
DA:4,3
DA:5,3
DA:19,0
DA:21,0
DA:26,0
DA:28,0
DA:30,0
DA:36,3
LF:10
LH:5
BRF:0
BRH:0
end_of_record
TN:
SF:src/js/dialog.tsx
FN:48,(anonymous_7)
FN:54,(anonymous_8)
FN:60,(anonymous_9)
FN:61,(anonymous_10)
FN:122,(anonymous_11)
FN:126,(anonymous_12)
FN:130,(anonymous_13)
FN:134,(anonymous_14)
FNF:8
FNH:0
FNDA:0,(anonymous_7)
FNDA:0,(anonymous_8)
FNDA:0,(anonymous_9)
FNDA:0,(anonymous_10)
FNDA:0,(anonymous_11)
FNDA:0,(anonymous_12)
FNDA:0,(anonymous_13)
FNDA:0,(anonymous_14)
DA:1,3
DA:2,3
DA:4,3
DA:5,3
DA:6,3
DA:49,0
DA:51,0
DA:55,0
DA:57,0
DA:59,0
DA:60,0
DA:61,0
DA:122,0
DA:123,0
DA:126,0
DA:127,0
DA:130,0
DA:131,0
DA:134,0
DA:135,0
DA:136,0
DA:138,0
DA:143,3
LF:23
LH:6
BRDA:51,0,0,0
BRDA:51,0,1,0
BRDA:60,1,0,0
BRDA:60,1,1,0
BRDA:61,2,0,0
BRDA:61,2,1,0
BRDA:62,3,0,0
BRDA:62,3,1,0
BRDA:63,4,0,0
BRDA:63,4,1,0
BRDA:67,5,0,0
BRDA:67,5,1,0
BRDA:68,6,0,0
BRDA:68,6,1,0
BRDA:72,7,0,0
BRDA:72,7,1,0
BRDA:73,8,0,0
BRDA:73,8,1,0
BRDA:75,9,0,0
BRDA:75,9,1,0
BRDA:77,10,0,0
BRDA:77,10,1,0
BRDA:78,11,0,0
BRDA:78,11,1,0
BRDA:81,12,0,0
BRDA:81,12,1,0
BRDA:84,13,0,0
BRDA:84,13,1,0
BRDA:86,14,0,0
BRDA:86,14,1,0
BRDA:87,15,0,0
BRDA:87,15,1,0
BRDA:90,16,0,0
BRDA:90,16,1,0
BRDA:92,17,0,0
BRDA:92,17,1,0
BRDA:94,18,0,0
BRDA:94,18,1,0
BRDA:96,19,0,0
BRDA:96,19,1,0
BRDA:97,20,0,0
BRDA:97,20,1,0
BRDA:101,21,0,0
BRDA:101,21,1,0
BRDA:108,22,0,0
BRDA:108,22,1,0
BRDA:110,23,0,0
BRDA:110,23,1,0
BRDA:111,24,0,0
BRDA:111,24,1,0
BRDA:114,25,0,0
BRDA:114,25,1,0
BRDA:135,26,0,0
BRDA:135,26,1,0
BRF:54
BRH:0
end_of_record
TN:
SF:src/js/index.ts
FN:32,(anonymous_1)
FN:28,(anonymous_2)
FN:26,(anonymous_3)
FN:15,(anonymous_4)
FN:11,(anonymous_5)
FN:13,(anonymous_6)
FN:24,(anonymous_7)
FNF:7
FNH:6
FNDA:5,(anonymous_1)
FNDA:4,(anonymous_2)
FNDA:0,(anonymous_3)
FNDA:1,(anonymous_4)
FNDA:3,(anonymous_5)
FNDA:5,(anonymous_6)
FNDA:2,(anonymous_7)
DA:1,3
DA:2,3
DA:3,3
DA:4,3
DA:5,3
DA:6,3
DA:7,3
DA:8,3
DA:11,6
DA:13,8
DA:15,4
DA:16,3
DA:18,3
DA:20,3
DA:22,3
DA:24,5
DA:26,3
DA:28,7
DA:32,8
LF:19
LH:19
BRF:0
BRH:0
end_of_record
TN:
SF:src/js/launcher.tsx
FN:20,(anonymous_6)
FN:26,(anonymous_7)
FN:34,(anonymous_8)
FNF:3
FNH:0
FNDA:0,(anonymous_6)
FNDA:0,(anonymous_7)
FNDA:0,(anonymous_8)
DA:1,3
DA:2,3
DA:4,3
DA:17,3
DA:21,0
DA:23,0
DA:27,0
DA:28,0
DA:31,0
DA:34,0
DA:42,3
LF:11
LH:5
BRDA:23,0,0,0
BRDA:23,0,1,0
BRDA:27,1,0,0
BRDA:27,2,0,0
BRDA:27,2,1,0
BRDA:33,3,0,0
BRDA:33,3,1,0
BRDA:36,4,0,0
BRDA:36,4,1,0
BRF:9
BRH:0
end_of_record
TN:
SF:src/js/service.ts
FN:28,(anonymous_0)
FN:40,(anonymous_1)
FN:44,(anonymous_2)
FN:48,(anonymous_3)
FN:52,(anonymous_4)
FN:56,(anonymous_5)
FN:60,(anonymous_6)
FN:70,(anonymous_7)
FN:78,(anonymous_8)
FN:82,(anonymous_9)
FNF:10
FNH:9
FNDA:18,(anonymous_0)
FNDA:201,(anonymous_1)
FNDA:193,(anonymous_2)
FNDA:128,(anonymous_3)
FNDA:32,(anonymous_4)
FNDA:32,(anonymous_5)
FNDA:29,(anonymous_6)
FNDA:20,(anonymous_7)
FNDA:0,(anonymous_8)
FNDA:12,(anonymous_9)
DA:1,3
DA:2,3
DA:23,3
DA:24,18
DA:29,18
DA:36,18
DA:37,18
DA:41,201
DA:45,193
DA:49,128
DA:53,32
DA:57,32
DA:61,29
DA:71,20
DA:72,4
DA:75,16
DA:77,16
DA:78,16
DA:83,12
DA:84,1
DA:87,11
DA:89,11
DA:90,11
DA:93,11
DA:94,12
LF:25
LH:25
BRDA:49,0,0,128
BRDA:49,0,1,41
BRDA:53,1,0,2
BRDA:53,1,1,30
BRDA:71,2,0,4
BRDA:77,3,0,16
BRDA:83,4,0,1
BRDA:89,5,0,11
BRF:8
BRH:8
end_of_record
TN:
SF:src/js/store.ts
FN:48,(anonymous_1)
FN:91,(anonymous_2)
FN:99,(anonymous_3)
FN:104,(anonymous_4)
FN:114,(anonymous_5)
FN:124,(anonymous_6)
FN:133,(anonymous_7)
FN:138,(anonymous_8)
FN:147,(anonymous_9)
FN:174,(anonymous_10)
FN:194,(anonymous_11)
FN:198,(anonymous_12)
FN:208,(anonymous_13)
FN:218,(anonymous_14)
FN:228,(anonymous_15)
FN:238,(anonymous_16)
FN:250,(anonymous_17)
FN:264,(anonymous_18)
FN:276,(anonymous_19)
FN:288,(anonymous_20)
FN:316,(anonymous_21)
FN:317,(anonymous_22)
FN:320,(anonymous_23)
FN:328,(anonymous_24)
FN:338,(anonymous_25)
FN:344,(anonymous_26)
FN:353,(anonymous_27)
FN:354,(anonymous_28)
FNF:28
FNH:28
FNDA:5,(anonymous_1)
FNDA:4,(anonymous_2)
FNDA:5,(anonymous_3)
FNDA:3,(anonymous_4)
FNDA:3,(anonymous_5)
FNDA:1,(anonymous_6)
FNDA:1,(anonymous_7)
FNDA:3,(anonymous_8)
FNDA:10,(anonymous_9)
FNDA:15,(anonymous_10)
FNDA:1,(anonymous_11)
FNDA:3,(anonymous_12)
FNDA:2,(anonymous_13)
FNDA:1,(anonymous_14)
FNDA:1,(anonymous_15)
FNDA:1,(anonymous_16)
FNDA:1,(anonymous_17)
FNDA:19,(anonymous_18)
FNDA:11,(anonymous_19)
FNDA:4,(anonymous_20)
FNDA:16,(anonymous_21)
FNDA:80,(anonymous_22)
FNDA:26,(anonymous_23)
FNDA:11,(anonymous_24)
FNDA:11,(anonymous_25)
FNDA:2,(anonymous_26)
FNDA:2,(anonymous_27)
FNDA:2,(anonymous_28)
DA:1,3
DA:2,3
DA:3,3
DA:4,3
DA:37,3
DA:38,5
DA:39,5
DA:40,5
DA:41,5
DA:42,5
DA:43,5
DA:44,5
DA:49,5
DA:75,5
DA:88,5
DA:92,4
DA:94,4
DA:96,4
DA:101,5
DA:105,3
DA:106,8
DA:107,2
DA:111,1
DA:115,3
DA:116,9
DA:117,2
DA:121,1
DA:126,1
DA:128,1
DA:129,1
DA:134,1
DA:135,1
DA:139,3
DA:140,3
DA:141,1
DA:143,2
DA:148,10
DA:150,10
DA:151,55
DA:152,55
DA:153,30
DA:161,25
DA:162,4
DA:164,25
DA:165,25
DA:167,25
DA:171,10
DA:175,15
DA:177,15
DA:178,1
DA:181,14
DA:183,14
DA:184,3
DA:185,11
DA:186,1
DA:189,14
DA:191,14
DA:195,1
DA:199,3
DA:201,3
DA:202,3
DA:204,3
DA:209,2
DA:211,2
DA:212,1
DA:214,1
DA:219,1
DA:220,6
DA:221,3
DA:223,3
DA:229,1
DA:230,6
DA:231,2
DA:233,2
DA:239,1
DA:240,4
DA:243,1
DA:245,1
DA:247,1
DA:251,1
DA:252,4
DA:253,3
DA:257,1
DA:259,1
DA:261,1
DA:265,19
DA:267,19
DA:268,99
DA:269,59
DA:273,19
DA:277,11
DA:279,11
DA:280,62
DA:281,19
DA:285,11
DA:289,4
DA:291,4
DA:292,2
DA:293,2
DA:296,2
DA:298,2
DA:300,2
DA:301,4
DA:302,4
DA:303,4
DA:306,2
DA:307,2
DA:308,2
DA:309,2
DA:310,2
DA:317,80
DA:321,26
DA:322,58
DA:323,12
DA:329,11
DA:336,11
DA:338,11
DA:339,11
DA:340,11
DA:345,2
DA:350,2
DA:354,2
DA:355,2
DA:356,2
LF:124
LH:124
BRDA:96,0,0,4
BRDA:96,0,1,2
BRDA:101,1,0,5
BRDA:101,1,1,2
BRDA:106,2,0,2
BRDA:116,3,0,2
BRDA:116,4,0,9
BRDA:116,4,1,5
BRDA:128,5,0,1
BRDA:128,6,0,1
BRDA:128,6,1,1
BRDA:140,7,0,1
BRDA:140,7,1,2
BRDA:152,8,0,30
BRDA:152,8,1,25
BRDA:161,9,0,4
BRDA:164,10,0,25
BRDA:177,11,0,1
BRDA:183,12,0,3
BRDA:183,12,1,11
BRDA:183,13,0,14
BRDA:183,13,1,14
BRDA:185,14,0,1
BRDA:201,15,0,3
BRDA:211,16,0,1
BRDA:211,17,0,2
BRDA:211,17,1,2
BRDA:220,18,0,3
BRDA:230,19,0,2
BRDA:230,20,0,6
BRDA:230,20,1,2
BRDA:252,21,0,3
BRDA:268,22,0,59
BRDA:280,23,0,19
BRDA:291,24,0,2
BRDA:302,25,0,4
BRDA:306,26,0,2
BRDA:309,27,0,2
BRDA:317,28,0,80
BRDA:317,28,1,64
BRDA:322,29,0,12
BRF:41
BRH:41
end_of_record
