TN:
SF:src/js/customize-service.tsx
FN:17,(anonymous_6)
FN:38,(anonymous_7)
FN:42,(anonymous_8)
FN:46,(anonymous_9)
FN:52,(anonymous_10)
FN:56,(anonymous_11)
FN:60,(anonymous_12)
FN:66,(anonymous_13)
FN:70,(anonymous_14)
FNF:9
FNH:0
FNDA:0,(anonymous_6)
FNDA:0,(anonymous_7)
FNDA:0,(anonymous_8)
FNDA:0,(anonymous_9)
FNDA:0,(anonymous_10)
FNDA:0,(anonymous_11)
FNDA:0,(anonymous_12)
FNDA:0,(anonymous_13)
FNDA:0,(anonymous_14)
DA:1,2
DA:2,2
DA:4,2
DA:19,0
DA:21,0
DA:39,0
DA:43,0
DA:46,0
DA:53,0
DA:57,0
DA:60,0
DA:67,0
DA:71,0
DA:75,2
LF:14
LH:4
BRDA:25,0,0,0
BRDA:25,0,1,0
BRF:2
BRH:0
end_of_record
TN:
SF:src/js/customize-type.tsx
FN:18,(anonymous_7)
FN:38,(anonymous_8)
FN:44,(anonymous_9)
FN:48,(anonymous_10)
FN:52,(anonymous_11)
FN:58,(anonymous_12)
FN:62,(anonymous_13)
FN:66,(anonymous_14)
FN:72,(anonymous_15)
FN:76,(anonymous_16)
FN:80,(anonymous_17)
FNF:11
FNH:0
FNDA:0,(anonymous_7)
FNDA:0,(anonymous_8)
FNDA:0,(anonymous_9)
FNDA:0,(anonymous_10)
FNDA:0,(anonymous_11)
FNDA:0,(anonymous_12)
FNDA:0,(anonymous_13)
FNDA:0,(anonymous_14)
FNDA:0,(anonymous_15)
FNDA:0,(anonymous_16)
FNDA:0,(anonymous_17)
DA:1,2
DA:2,2
DA:4,2
DA:6,2
DA:20,0
DA:22,0
DA:38,0
DA:45,0
DA:49,0
DA:52,0
DA:59,0
DA:63,0
DA:66,0
DA:73,0
DA:77,0
DA:81,0
DA:85,2
LF:17
LH:5
BRDA:26,0,0,0
BRDA:26,0,1,0
BRF:2
BRH:0
end_of_record
TN:
SF:src/js/customize.tsx
FN:18,(anonymous_7)
FN:24,(anonymous_8)
FN:29,(anonymous_9)
FN:33,(anonymous_10)
FNF:4
FNH:0
FNDA:0,(anonymous_7)
FNDA:0,(anonymous_8)
FNDA:0,(anonymous_9)
FNDA:0,(anonymous_10)
DA:1,2
DA:2,2
DA:4,2
DA:5,2
DA:19,0
DA:21,0
DA:26,0
DA:28,0
DA:29,0
DA:34,0
DA:38,2
LF:11
LH:5
BRF:0
BRH:0
end_of_record
TN:
SF:src/js/dialog.tsx
FN:19,(anonymous_7)
FN:25,(anonymous_8)
FN:28,(anonymous_9)
FN:29,(anonymous_10)
FN:52,(anonymous_11)
FN:56,(anonymous_12)
FN:64,(anonymous_13)
FN:68,(anonymous_14)
FN:72,(anonymous_15)
FN:76,(anonymous_16)
FN:80,(anonymous_17)
FN:84,(anonymous_18)
FNF:12
FNH:0
FNDA:0,(anonymous_7)
FNDA:0,(anonymous_8)
FNDA:0,(anonymous_9)
FNDA:0,(anonymous_10)
FNDA:0,(anonymous_11)
FNDA:0,(anonymous_12)
FNDA:0,(anonymous_13)
FNDA:0,(anonymous_14)
FNDA:0,(anonymous_15)
FNDA:0,(anonymous_16)
FNDA:0,(anonymous_17)
FNDA:0,(anonymous_18)
DA:1,2
DA:2,2
DA:4,2
DA:5,2
DA:6,2
DA:20,0
DA:22,0
DA:27,0
DA:28,0
DA:29,0
DA:53,0
DA:57,0
DA:58,0
DA:61,0
DA:65,0
DA:69,0
DA:73,0
DA:76,0
DA:77,0
DA:80,0
DA:81,0
DA:84,0
DA:85,0
DA:89,2
LF:24
LH:6
BRDA:28,0,0,0
BRDA:28,0,1,0
BRDA:29,1,0,0
BRDA:29,1,1,0
BRDA:42,2,0,0
BRDA:42,2,1,0
BRDA:53,3,0,0
BRDA:53,3,1,0
BRDA:57,4,0,0
BRF:9
BRH:0
end_of_record
TN:
SF:src/js/index.ts
FN:20,(anonymous_1)
FN:25,(anonymous_2)
FN:18,(anonymous_3)
FNF:3
FNH:2
FNDA:5,(anonymous_1)
FNDA:4,(anonymous_2)
FNDA:0,(anonymous_3)
DA:1,2
DA:2,2
DA:3,2
DA:4,2
DA:5,2
DA:6,2
DA:7,2
DA:10,2
DA:12,2
DA:14,2
DA:16,2
DA:18,2
DA:20,7
DA:25,6
LF:14
LH:14
BRF:0
BRH:0
end_of_record
TN:
SF:src/js/launcher.tsx
FN:18,(anonymous_6)
FN:24,(anonymous_7)
FN:32,(anonymous_8)
FN:39,(anonymous_9)
FNF:4
FNH:0
FNDA:0,(anonymous_6)
FNDA:0,(anonymous_7)
FNDA:0,(anonymous_8)
FNDA:0,(anonymous_9)
DA:1,2
DA:2,2
DA:4,2
DA:15,2
DA:19,0
DA:21,0
DA:25,0
DA:26,0
DA:29,0
DA:32,0
DA:40,0
DA:44,2
LF:12
LH:5
BRDA:25,0,0,0
BRDA:25,1,0,0
BRDA:25,1,1,0
BRDA:31,2,0,0
BRDA:31,2,1,0
BRF:5
BRH:0
end_of_record
TN:
SF:src/js/service.ts
FN:26,(anonymous_0)
FN:37,(anonymous_1)
FN:41,(anonymous_2)
FN:45,(anonymous_3)
FN:49,(anonymous_4)
FN:53,(anonymous_5)
FN:57,(anonymous_6)
FN:67,(anonymous_7)
FN:79,(anonymous_8)
FNF:9
FNH:9
FNDA:18,(anonymous_0)
FNDA:95,(anonymous_1)
FNDA:108,(anonymous_2)
FNDA:74,(anonymous_3)
FNDA:5,(anonymous_4)
FNDA:5,(anonymous_5)
FNDA:2,(anonymous_6)
FNDA:20,(anonymous_7)
FNDA:12,(anonymous_8)
DA:1,2
DA:22,2
DA:23,18
DA:27,18
DA:34,18
DA:38,95
DA:42,108
DA:46,74
DA:50,5
DA:54,5
DA:58,2
DA:68,20
DA:69,4
DA:72,16
DA:74,16
DA:75,16
DA:80,12
DA:81,1
DA:84,11
DA:86,11
DA:87,11
LF:21
LH:21
BRDA:46,0,0,74
BRDA:46,0,1,23
BRDA:50,1,0,2
BRDA:50,1,1,3
BRDA:54,2,0,4
BRDA:54,2,1,1
BRDA:68,3,0,4
BRDA:74,4,0,16
BRDA:80,5,0,1
BRDA:86,6,0,11
BRF:10
BRH:10
end_of_record
TN:
SF:src/js/store.ts
FN:48,(anonymous_1)
FN:91,(anonymous_2)
FN:99,(anonymous_3)
FN:109,(anonymous_4)
FN:119,(anonymous_5)
FN:128,(anonymous_6)
FN:133,(anonymous_7)
FN:142,(anonymous_8)
FN:169,(anonymous_9)
FN:189,(anonymous_10)
FN:193,(anonymous_11)
FN:201,(anonymous_12)
FN:209,(anonymous_13)
FN:217,(anonymous_14)
FN:225,(anonymous_15)
FN:237,(anonymous_16)
FN:251,(anonymous_17)
FN:263,(anonymous_18)
FN:275,(anonymous_19)
FN:303,(anonymous_20)
FN:304,(anonymous_21)
FN:307,(anonymous_22)
FN:315,(anonymous_23)
FN:328,(anonymous_24)
FN:337,(anonymous_25)
FN:338,(anonymous_26)
FNF:26
FNH:26
FNDA:5,(anonymous_1)
FNDA:4,(anonymous_2)
FNDA:3,(anonymous_3)
FNDA:3,(anonymous_4)
FNDA:1,(anonymous_5)
FNDA:1,(anonymous_6)
FNDA:3,(anonymous_7)
FNDA:10,(anonymous_8)
FNDA:15,(anonymous_9)
FNDA:1,(anonymous_10)
FNDA:3,(anonymous_11)
FNDA:2,(anonymous_12)
FNDA:1,(anonymous_13)
FNDA:1,(anonymous_14)
FNDA:1,(anonymous_15)
FNDA:1,(anonymous_16)
FNDA:10,(anonymous_17)
FNDA:2,(anonymous_18)
FNDA:4,(anonymous_19)
FNDA:6,(anonymous_20)
FNDA:22,(anonymous_21)
FNDA:26,(anonymous_22)
FNDA:2,(anonymous_23)
FNDA:2,(anonymous_24)
FNDA:2,(anonymous_25)
FNDA:2,(anonymous_26)
DA:1,2
DA:2,2
DA:3,2
DA:4,2
DA:37,2
DA:38,5
DA:39,5
DA:40,5
DA:41,5
DA:42,5
DA:43,5
DA:44,5
DA:49,5
DA:75,5
DA:88,5
DA:92,4
DA:94,4
DA:96,4
DA:100,3
DA:101,8
DA:102,2
DA:106,1
DA:110,3
DA:111,9
DA:112,2
DA:116,1
DA:121,1
DA:123,1
DA:124,1
DA:129,1
DA:130,1
DA:134,3
DA:135,3
DA:136,1
DA:138,2
DA:143,10
DA:145,10
DA:146,55
DA:147,55
DA:148,30
DA:156,25
DA:157,4
DA:159,25
DA:160,25
DA:162,25
DA:166,10
DA:170,15
DA:172,15
DA:173,1
DA:176,14
DA:178,14
DA:179,3
DA:180,11
DA:181,1
DA:184,14
DA:186,14
DA:190,1
DA:194,3
DA:196,3
DA:197,3
DA:202,2
DA:204,2
DA:205,1
DA:210,1
DA:211,6
DA:212,3
DA:218,1
DA:219,6
DA:220,2
DA:226,1
DA:227,4
DA:230,1
DA:232,1
DA:234,1
DA:238,1
DA:239,4
DA:240,3
DA:244,1
DA:246,1
DA:248,1
DA:252,10
DA:254,10
DA:255,45
DA:256,23
DA:260,10
DA:264,2
DA:266,2
DA:267,8
DA:268,3
DA:272,2
DA:276,4
DA:278,4
DA:279,2
DA:280,2
DA:283,2
DA:285,2
DA:287,2
DA:288,4
DA:289,4
DA:290,4
DA:293,2
DA:294,2
DA:295,2
DA:296,2
DA:297,2
DA:304,22
DA:308,26
DA:309,58
DA:310,12
DA:316,2
DA:323,2
DA:325,2
DA:329,2
DA:334,2
DA:338,2
DA:339,2
DA:340,2
LF:117
LH:117
BRDA:94,0,0,4
BRDA:94,0,1,2
BRDA:96,1,0,4
BRDA:96,1,1,2
BRDA:101,2,0,2
BRDA:111,3,0,2
BRDA:111,4,0,9
BRDA:111,4,1,5
BRDA:123,5,0,1
BRDA:123,6,0,1
BRDA:123,6,1,1
BRDA:123,6,2,1
BRDA:135,7,0,1
BRDA:135,7,1,2
BRDA:147,8,0,30
BRDA:147,8,1,25
BRDA:156,9,0,4
BRDA:159,10,0,25
BRDA:172,11,0,1
BRDA:178,12,0,3
BRDA:178,12,1,11
BRDA:178,13,0,14
BRDA:178,13,1,14
BRDA:180,14,0,1
BRDA:196,15,0,3
BRDA:204,16,0,1
BRDA:204,17,0,2
BRDA:204,17,1,2
BRDA:211,18,0,3
BRDA:219,19,0,2
BRDA:219,20,0,6
BRDA:219,20,1,2
BRDA:239,21,0,3
BRDA:255,22,0,23
BRDA:267,23,0,3
BRDA:278,24,0,2
BRDA:289,25,0,4
BRDA:293,26,0,2
BRDA:296,27,0,2
BRDA:304,28,0,22
BRDA:304,28,1,16
BRDA:309,29,0,12
BRF:42
BRH:42
end_of_record
